[20:08:01.629][info] [#0:/Users/himudigonda/.local/share/nvim/mason/packages/lua-language-server/libexec/main.lua:66]: Lua Lsp startup, root: 	/Users/himudigonda/.local/share/nvim/mason/packages/lua-language-server/libexec
[20:08:01.629][info] [#0:/Users/himudigonda/.local/share/nvim/mason/packages/lua-language-server/libexec/main.lua:67]: ROOT:	/Users/himudigonda/.local/share/nvim/mason/packages/lua-language-server/libexec
[20:08:01.629][info] [#0:/Users/himudigonda/.local/share/nvim/mason/packages/lua-language-server/libexec/main.lua:68]: LOGPATH:	/Users/himudigonda/.local/share/nvim/mason/packages/lua-language-server/libexec/log
[20:08:01.629][info] [#0:/Users/himudigonda/.local/share/nvim/mason/packages/lua-language-server/libexec/main.lua:69]: METAPATH:	/Users/himudigonda/.local/share/nvim/mason/packages/lua-language-server/libexec/meta
[20:08:01.630][info] [#0:/Users/himudigonda/.local/share/nvim/mason/packages/lua-language-server/libexec/main.lua:70]: VERSION:	3.7.4
[20:08:01.658][info] [#0:script/service/service.lua:144]: 
========= Medical Examination Report =========
    --------------- Memory ---------------
        Total: 1.345 MB
        # 00 : 1.345 MB
        # 01 : 0.000 MB
        # 02 : 0.000 MB
        # 03 : 0.000 MB
        # 04 : 0.000 MB
    --------------- Coroutine ---------------
        Total:     0
        Running:   0
        Suspended: 0
        Normal:    0
        Dead:      0
    --------------- Cache ---------------
        Total: 1
        Dead:  0
    ---------------  RPC  ---------------
        Holdon:   0
        Waiting:  0
==============================================
[20:08:01.663][info] [#0:script/client.lua:657]: Client init	{
  capabilities = {
    textDocument = {
      callHierarchy = {
        dynamicRegistration = false
      },
      codeAction = {
        codeActionLiteralSupport = {
          codeActionKind = {
            valueSet = { "", "quickfix", "refactor", "refactor.extract", "refactor.inline", "refactor.rewrite", "source", "source.organizeImports" }
          }
        },
        dataSupport = true,
        dynamicRegistration = false,
        isPreferredSupport = true,
        resolveSupport = {
          properties = { "edit" }
        }
      },
      completion = {
        completionItem = {
          commitCharactersSupport = true,
          deprecatedSupport = true,
          documentationFormat = { "markdown", "plaintext" },
          insertReplaceSupport = true,
          labelDetailsSupport = true,
          preselectSupport = true,
          resolveSupport = {
            properties = { "documentation", "detail", "additionalTextEdits" }
          },
          snippetSupport = true,
          tagSupport = {
            valueSet = { 1 }
          }
        },
        completionItemKind = {
          valueSet = { 1, 2, 3, 4, 5, 6, 7, 8, 9, 10, 11, 12, 13, 14, 15, 16, 17, 18, 19, 20, 21, 22, 23, 24, 25 }
        },
        contextSupport = false,
        dynamicRegistration = false
      },
      declaration = {
        linkSupport = true
      },
      definition = {
        linkSupport = true
      },
      documentHighlight = {
        dynamicRegistration = false
      },
      documentSymbol = {
        dynamicRegistration = false,
        hierarchicalDocumentSymbolSupport = true,
        symbolKind = {
          valueSet = { 1, 2, 3, 4, 5, 6, 7, 8, 9, 10, 11, 12, 13, 14, 15, 16, 17, 18, 19, 20, 21, 22, 23, 24, 25, 26 }
        }
      },
      hover = {
        contentFormat = { "markdown", "plaintext" },
        dynamicRegistration = false
      },
      implementation = {
        linkSupport = true
      },
      publishDiagnostics = {
        relatedInformation = true,
        tagSupport = {
          valueSet = { 1, 2 }
        }
      },
      references = {
        dynamicRegistration = false
      },
      rename = {
        dynamicRegistration = false,
        prepareSupport = true
      },
      semanticTokens = {
        augmentsSyntaxTokens = true,
        dynamicRegistration = false,
        formats = { "relative" },
        multilineTokenSupport = false,
        overlappingTokenSupport = true,
        requests = {
          full = {
            delta = true
          },
          range = false
        },
        serverCancelSupport = false,
        tokenModifiers = { "declaration", "definition", "readonly", "static", "deprecated", "abstract", "async", "modification", "documentation", "defaultLibrary" },
        tokenTypes = { "namespace", "type", "class", "enum", "interface", "struct", "typeParameter", "parameter", "variable", "property", "enumMember", "event", "function", "method", "macro", "keyword", "modifier", "comment", "string", "number", "regexp", "operator", "decorator" }
      },
      signatureHelp = {
        dynamicRegistration = false,
        signatureInformation = {
          activeParameterSupport = true,
          documentationFormat = { "markdown", "plaintext" },
          parameterInformation = {
            labelOffsetSupport = true
          }
        }
      },
      synchronization = {
        didSave = true,
        dynamicRegistration = false,
        willSave = true,
        willSaveWaitUntil = true
      },
      typeDefinition = {
        linkSupport = true
      }
    },
    window = {
      showDocument = {
        support = true
      },
      showMessage = {
        messageActionItem = {
          additionalPropertiesSupport = false
        }
      },
      workDoneProgress = true
    },
    workspace = {
      applyEdit = true,
      configuration = true,
      didChangeWatchedFiles = {
        dynamicRegistration = false,
        relativePatternSupport = true
      },
      semanticTokens = {
        refreshSupport = true
      },
      symbol = {
        dynamicRegistration = false,
        hierarchicalWorkspaceSymbolSupport = true,
        symbolKind = {
          valueSet = { 1, 2, 3, 4, 5, 6, 7, 8, 9, 10, 11, 12, 13, 14, 15, 16, 17, 18, 19, 20, 21, 22, 23, 24, 25, 26 }
        }
      },
      workspaceEdit = {
        resourceOperations = { "rename", "create", "delete" }
      },
      workspaceFolders = true
    }
  },
  clientInfo = {
    name = "Neovim",
    version = "0.9.5"
  },
  initializationOptions = {},
  processId = 51024,
  rootPath = "/Users/himudigonda/.config/nvim",
  rootUri = "file:///Users/himudigonda/.config/nvim",
  trace = "off",
  workspaceFolders = { {
      name = "/Users/himudigonda/.config/nvim",
      uri = "file:///Users/himudigonda/.config/nvim"
    } }
}
[20:08:01.663][info] [#0:script/language.lua:137]: VSC language: nil
[20:08:01.663][info] [#0:script/language.lua:138]: LS  language: en-us
[20:08:01.663][info] [#0:script/workspace/workspace.lua:38]: Workspace init root: 	file:///Users/himudigonda/.config/nvim
[20:08:01.663][info] [#0:script/workspace/workspace.lua:42]: Log path: 	/Users/himudigonda/.local/share/nvim/mason/packages/lua-language-server/libexec/log/file_Users_himudigonda_.config_nvim.log
[20:08:01.663][info] [#0:script/workspace/workspace.lua:48]: Workspace create: 	file:///Users/himudigonda/.config/nvim
[20:08:01.770][info] [#0:script/provider/provider.lua:46]: Load config from client	file:///Users/himudigonda/.config/nvim
[20:08:01.770][info] [#0:script/provider/provider.lua:47]: {
  Lua = {
    diagnostics = {
      globals = { "vim" }
    },
    workspace = {
      library = {
        ["/Users/himudigonda/.local/share/nvim/lazy/lazy.nvim/lua/lazy"] = true,
        ["/Users/himudigonda/.local/share/nvim/lazy/ui/nvchad_types"] = true,
        ["/opt/homebrew/Cellar/neovim/0.9.5/share/nvim/runtime/lua"] = true,
        ["/opt/homebrew/Cellar/neovim/0.9.5/share/nvim/runtime/lua/vim/lsp"] = true
      },
      maxPreload = 100000,
      preloadFileSize = 10000
    }
  }
}
[20:08:01.770][info] [#0:script/provider/provider.lua:46]: Load config from client	file:///Users/himudigonda/.config/nvim
[20:08:01.771][info] [#0:script/provider/provider.lua:47]: {
  Lua = {
    diagnostics = {
      globals = { "vim" }
    },
    workspace = {
      library = {
        ["/Users/himudigonda/.local/share/nvim/lazy/lazy.nvim/lua/lazy"] = true,
        ["/Users/himudigonda/.local/share/nvim/lazy/ui/nvchad_types"] = true,
        ["/opt/homebrew/Cellar/neovim/0.9.5/share/nvim/runtime/lua"] = true,
        ["/opt/homebrew/Cellar/neovim/0.9.5/share/nvim/runtime/lua/vim/lsp"] = true
      },
      maxPreload = 100000,
      preloadFileSize = 10000
    }
  }
}
[20:08:01.771][info] [#0:script/provider/provider.lua:46]: Load config from client	file:///Users/himudigonda/.config/nvim
[20:08:01.771][info] [#0:script/provider/provider.lua:47]: {
  Lua = {
    diagnostics = {
      globals = { "vim" }
    },
    workspace = {
      library = {
        ["/Users/himudigonda/.local/share/nvim/lazy/lazy.nvim/lua/lazy"] = true,
        ["/Users/himudigonda/.local/share/nvim/lazy/ui/nvchad_types"] = true,
        ["/opt/homebrew/Cellar/neovim/0.9.5/share/nvim/runtime/lua"] = true,
        ["/opt/homebrew/Cellar/neovim/0.9.5/share/nvim/runtime/lua/vim/lsp"] = true
      },
      maxPreload = 100000,
      preloadFileSize = 10000
    }
  }
}
[20:08:01.771][info] [#0:script/provider/provider.lua:61]: Load config from client	fallback
[20:08:01.771][info] [#0:script/provider/provider.lua:62]: {
  Lua = {
    diagnostics = {
      globals = { "vim" }
    },
    workspace = {
      library = {
        ["/Users/himudigonda/.local/share/nvim/lazy/lazy.nvim/lua/lazy"] = true,
        ["/Users/himudigonda/.local/share/nvim/lazy/ui/nvchad_types"] = true,
        ["/opt/homebrew/Cellar/neovim/0.9.5/share/nvim/runtime/lua"] = true,
        ["/opt/homebrew/Cellar/neovim/0.9.5/share/nvim/runtime/lua/vim/lsp"] = true
      },
      maxPreload = 100000,
      preloadFileSize = 10000
    }
  }
}
[20:08:01.771][info] [#0:script/provider/provider.lua:61]: Load config from client	fallback
[20:08:01.771][info] [#0:script/provider/provider.lua:62]: {
  Lua = {
    diagnostics = {
      globals = { "vim" }
    },
    workspace = {
      library = {
        ["/Users/himudigonda/.local/share/nvim/lazy/lazy.nvim/lua/lazy"] = true,
        ["/Users/himudigonda/.local/share/nvim/lazy/ui/nvchad_types"] = true,
        ["/opt/homebrew/Cellar/neovim/0.9.5/share/nvim/runtime/lua"] = true,
        ["/opt/homebrew/Cellar/neovim/0.9.5/share/nvim/runtime/lua/vim/lsp"] = true
      },
      maxPreload = 100000,
      preloadFileSize = 10000
    }
  }
}
[20:08:01.771][info] [#0:script/provider/provider.lua:61]: Load config from client	fallback
[20:08:01.771][info] [#0:script/provider/provider.lua:62]: {
  Lua = {
    diagnostics = {
      globals = { "vim" }
    },
    workspace = {
      library = {
        ["/Users/himudigonda/.local/share/nvim/lazy/lazy.nvim/lua/lazy"] = true,
        ["/Users/himudigonda/.local/share/nvim/lazy/ui/nvchad_types"] = true,
        ["/opt/homebrew/Cellar/neovim/0.9.5/share/nvim/runtime/lua"] = true,
        ["/opt/homebrew/Cellar/neovim/0.9.5/share/nvim/runtime/lua/vim/lsp"] = true
      },
      maxPreload = 100000,
      preloadFileSize = 10000
    }
  }
}
[20:08:01.876][info] [#0:script/library.lua:212]: Init builtin library at:	file:///Users/himudigonda/.config/nvim
[20:08:01.904][info] [#0:script/plugin.lua:86]: plugin path:	/Users/himudigonda/.config/nvim
[20:08:01.904][warn] [#0:script/plugin.lua:101]: plugin not found:	/Users/himudigonda/.config/nvim
[20:08:01.904][info] [#0:script/library.lua:212]: Init builtin library at:	nil
[20:08:02.016][info] [#0:script/workspace/workspace.lua:324]: Preload start:	file:///Users/himudigonda/.config/nvim
[20:08:02.020][info] [#0:script/workspace/workspace.lua:330]: Scan files at:	file:///Users/himudigonda/.config/nvim
[20:08:02.021][info] [#0:script/workspace/workspace.lua:324]: Preload start:	<fallback>
[20:08:02.022][info] [#0:script/workspace/workspace.lua:353]: Scan library at:	file:///Users/himudigonda/.local/share/nvim/mason/packages/lua-language-server/libexec/meta/Lua%205.4%20en-us%20utf8/string.lua
[20:08:02.023][info] [#0:script/workspace/workspace.lua:353]: Scan library at:	file:///Users/himudigonda/.local/share/nvim/mason/packages/lua-language-server/libexec/meta/Lua%205.4%20en-us%20utf8/math.lua
[20:08:02.023][info] [#0:script/workspace/workspace.lua:353]: Scan library at:	file:///Users/himudigonda/.local/share/nvim/mason/packages/lua-language-server/libexec/meta/Lua%205.4%20en-us%20utf8/os.lua
[20:08:02.023][info] [#0:script/workspace/workspace.lua:353]: Scan library at:	file:///Users/himudigonda/.local/share/nvim/lazy/ui/nvchad_types
[20:08:02.025][info] [#0:script/workspace/workspace.lua:353]: Scan library at:	file:///Users/himudigonda/.local/share/nvim/mason/packages/lua-language-server/libexec/meta/Lua%205.4%20en-us%20utf8/utf8.lua
[20:08:02.025][info] [#0:script/workspace/workspace.lua:353]: Scan library at:	file:///Users/himudigonda/.local/share/nvim/mason/packages/lua-language-server/libexec/meta/Lua%205.4%20en-us%20utf8/io.lua
[20:08:02.025][info] [#0:script/workspace/workspace.lua:353]: Scan library at:	file:///Users/himudigonda/.local/share/nvim/lazy/lazy.nvim/lua/lazy
[20:08:02.031][info] [#0:script/workspace/workspace.lua:353]: Scan library at:	file:///Users/himudigonda/.local/share/nvim/mason/packages/lua-language-server/libexec/meta/Lua%205.4%20en-us%20utf8/table.lua
[20:08:02.031][info] [#0:script/workspace/workspace.lua:353]: Scan library at:	file:///Users/himudigonda/.local/share/nvim/mason/packages/lua-language-server/libexec/meta/Lua%205.4%20en-us%20utf8/builtin.lua
[20:08:02.031][info] [#0:script/workspace/workspace.lua:353]: Scan library at:	file:///Users/himudigonda/.local/share/nvim/mason/packages/lua-language-server/libexec/meta/Lua%205.4%20en-us%20utf8/debug.lua
[20:08:02.031][info] [#0:script/workspace/workspace.lua:353]: Scan library at:	file:///Users/himudigonda/.local/share/nvim/mason/packages/lua-language-server/libexec/meta/Lua%205.4%20en-us%20utf8/coroutine.lua
[20:08:02.031][info] [#0:script/workspace/workspace.lua:353]: Scan library at:	file:///Users/himudigonda/.local/share/nvim/mason/packages/lua-language-server/libexec/meta/Lua%205.4%20en-us%20utf8/basic.lua
[20:08:02.032][info] [#0:script/workspace/workspace.lua:353]: Scan library at:	file:///opt/homebrew/Cellar/neovim/0.9.5/share/nvim/runtime/lua
[20:08:02.036][info] [#0:script/workspace/workspace.lua:353]: Scan library at:	file:///opt/homebrew/Cellar/neovim/0.9.5/share/nvim/runtime/lua/vim/lsp
[20:08:02.037][info] [#0:script/workspace/workspace.lua:353]: Scan library at:	file:///Users/himudigonda/.local/share/nvim/mason/packages/lua-language-server/libexec/meta/Lua%205.4%20en-us%20utf8/string.lua
[20:08:02.037][info] [#0:script/workspace/workspace.lua:353]: Scan library at:	file:///Users/himudigonda/.local/share/nvim/mason/packages/lua-language-server/libexec/meta/Lua%205.4%20en-us%20utf8/math.lua
[20:08:02.037][info] [#0:script/workspace/workspace.lua:353]: Scan library at:	file:///Users/himudigonda/.local/share/nvim/mason/packages/lua-language-server/libexec/meta/Lua%205.4%20en-us%20utf8/os.lua
[20:08:02.037][info] [#0:script/workspace/workspace.lua:353]: Scan library at:	file:///Users/himudigonda/.local/share/nvim/lazy/ui/nvchad_types
[20:08:02.037][info] [#0:script/workspace/workspace.lua:353]: Scan library at:	file:///Users/himudigonda/.local/share/nvim/mason/packages/lua-language-server/libexec/meta/Lua%205.4%20en-us%20utf8/package.lua
[20:08:02.037][info] [#0:script/workspace/workspace.lua:353]: Scan library at:	file:///Users/himudigonda/.local/share/nvim/mason/packages/lua-language-server/libexec/meta/Lua%205.4%20en-us%20utf8/utf8.lua
[20:08:02.037][info] [#0:script/workspace/workspace.lua:353]: Scan library at:	file:///Users/himudigonda/.local/share/nvim/mason/packages/lua-language-server/libexec/meta/Lua%205.4%20en-us%20utf8/io.lua
[20:08:02.037][info] [#0:script/workspace/workspace.lua:353]: Scan library at:	file:///Users/himudigonda/.local/share/nvim/lazy/lazy.nvim/lua/lazy
[20:08:02.039][info] [#0:script/workspace/workspace.lua:353]: Scan library at:	file:///Users/himudigonda/.local/share/nvim/mason/packages/lua-language-server/libexec/meta/Lua%205.4%20en-us%20utf8/table.lua
[20:08:02.039][info] [#0:script/workspace/workspace.lua:353]: Scan library at:	file:///Users/himudigonda/.local/share/nvim/mason/packages/lua-language-server/libexec/meta/Lua%205.4%20en-us%20utf8/builtin.lua
[20:08:02.039][info] [#0:script/workspace/workspace.lua:353]: Scan library at:	file:///Users/himudigonda/.local/share/nvim/mason/packages/lua-language-server/libexec/meta/Lua%205.4%20en-us%20utf8/debug.lua
[20:08:02.039][info] [#0:script/workspace/workspace.lua:353]: Scan library at:	file:///Users/himudigonda/.local/share/nvim/mason/packages/lua-language-server/libexec/meta/Lua%205.4%20en-us%20utf8/coroutine.lua
[20:08:02.039][info] [#0:script/workspace/workspace.lua:353]: Scan library at:	file:///Users/himudigonda/.local/share/nvim/mason/packages/lua-language-server/libexec/meta/Lua%205.4%20en-us%20utf8/basic.lua
[20:08:02.039][info] [#0:script/workspace/workspace.lua:353]: Scan library at:	file:///opt/homebrew/Cellar/neovim/0.9.5/share/nvim/runtime/lua
[20:08:02.040][info] [#0:script/workspace/workspace.lua:353]: Scan library at:	file:///opt/homebrew/Cellar/neovim/0.9.5/share/nvim/runtime/lua/vim/lsp
[20:08:02.041][info] [#0:script/workspace/workspace.lua:353]: Scan library at:	file:///Users/himudigonda/.local/share/nvim/mason/packages/lua-language-server/libexec/meta/Lua%205.4%20en-us%20utf8/package.lua
[20:08:02.146][info] [#0:script/workspace/workspace.lua:379]: Found 124 files at:	<fallback>
[20:08:02.146][info] [#0:script/workspace/loading.lua:161]: Load files from disk:	<fallback>
[20:08:02.146][info] [#0:script/workspace/workspace.lua:379]: Found 139 files at:	file:///Users/himudigonda/.config/nvim
[20:08:02.146][info] [#0:script/workspace/loading.lua:161]: Load files from disk:	file:///Users/himudigonda/.config/nvim
[20:08:02.147][info] [#0:script/workspace/loading.lua:101]: Preload file at: file:///Users/himudigonda/.local/share/nvim/mason/packages/lua-language-server/libexec/meta/Lua%205.4%20en-us%20utf8/package.lua , size = 2.944 KB
[20:08:02.148][info] [#0:script/workspace/loading.lua:113]: ++++As library of:	file:///Users/himudigonda/.local/share/nvim/mason/packages/lua-language-server/libexec/meta/Lua%205.4%20en-us%20utf8/package.lua
[20:08:02.148][info] [#0:script/workspace/loading.lua:98]: Skip loaded file: file:///Users/himudigonda/.local/share/nvim/mason/packages/lua-language-server/libexec/meta/Lua%205.4%20en-us%20utf8/package.lua
[20:08:02.148][info] [#0:script/workspace/loading.lua:101]: Preload file at: file:///opt/homebrew/Cellar/neovim/0.9.5/share/nvim/runtime/lua/vim/lsp/diagnostic.lua , size = 8.867 KB
[20:08:02.154][info] [#0:script/workspace/loading.lua:113]: ++++As library of:	file:///opt/homebrew/Cellar/neovim/0.9.5/share/nvim/runtime/lua/vim/lsp
[20:08:02.154][info] [#0:script/workspace/loading.lua:98]: Skip loaded file: file:///opt/homebrew/Cellar/neovim/0.9.5/share/nvim/runtime/lua/vim/lsp/diagnostic.lua
[20:08:02.154][info] [#0:script/workspace/loading.lua:101]: Preload file at: file:///opt/homebrew/Cellar/neovim/0.9.5/share/nvim/runtime/lua/vim/lsp/protocol.lua , size = 28.367 KB
[20:08:02.159][info] [#0:script/workspace/loading.lua:113]: ++++As library of:	file:///opt/homebrew/Cellar/neovim/0.9.5/share/nvim/runtime/lua/vim/lsp
[20:08:02.159][info] [#0:script/workspace/loading.lua:98]: Skip loaded file: file:///opt/homebrew/Cellar/neovim/0.9.5/share/nvim/runtime/lua/vim/lsp/protocol.lua
[20:08:02.159][info] [#0:script/workspace/loading.lua:101]: Preload file at: file:///opt/homebrew/Cellar/neovim/0.9.5/share/nvim/runtime/lua/vim/lsp/health.lua , size = 1.240 KB
[20:08:02.160][info] [#0:script/workspace/loading.lua:113]: ++++As library of:	file:///opt/homebrew/Cellar/neovim/0.9.5/share/nvim/runtime/lua/vim/lsp
[20:08:02.160][info] [#0:script/workspace/loading.lua:98]: Skip loaded file: file:///opt/homebrew/Cellar/neovim/0.9.5/share/nvim/runtime/lua/vim/lsp/health.lua
[20:08:02.160][info] [#0:script/workspace/loading.lua:101]: Preload file at: file:///opt/homebrew/Cellar/neovim/0.9.5/share/nvim/runtime/lua/vim/lsp/codelens.lua , size = 8.554 KB
[20:08:02.165][info] [#0:script/workspace/loading.lua:113]: ++++As library of:	file:///opt/homebrew/Cellar/neovim/0.9.5/share/nvim/runtime/lua/vim/lsp
[20:08:02.165][info] [#0:script/workspace/loading.lua:98]: Skip loaded file: file:///opt/homebrew/Cellar/neovim/0.9.5/share/nvim/runtime/lua/vim/lsp/codelens.lua
[20:08:02.165][info] [#0:script/workspace/loading.lua:101]: Preload file at: file:///opt/homebrew/Cellar/neovim/0.9.5/share/nvim/runtime/lua/vim/lsp/_watchfiles.lua , size = 9.692 KB
[20:08:02.169][info] [#0:script/workspace/loading.lua:113]: ++++As library of:	file:///opt/homebrew/Cellar/neovim/0.9.5/share/nvim/runtime/lua/vim/lsp
[20:08:02.169][info] [#0:script/workspace/loading.lua:98]: Skip loaded file: file:///opt/homebrew/Cellar/neovim/0.9.5/share/nvim/runtime/lua/vim/lsp/_watchfiles.lua
[20:08:02.169][info] [#0:script/workspace/loading.lua:101]: Preload file at: file:///opt/homebrew/Cellar/neovim/0.9.5/share/nvim/runtime/lua/vim/lsp/sync.lua , size = 15.681 KB
[20:08:02.173][info] [#0:script/workspace/loading.lua:113]: ++++As library of:	file:///opt/homebrew/Cellar/neovim/0.9.5/share/nvim/runtime/lua/vim/lsp
[20:08:02.173][info] [#0:script/workspace/loading.lua:98]: Skip loaded file: file:///opt/homebrew/Cellar/neovim/0.9.5/share/nvim/runtime/lua/vim/lsp/sync.lua
[20:08:02.173][info] [#0:script/workspace/loading.lua:101]: Preload file at: file:///opt/homebrew/Cellar/neovim/0.9.5/share/nvim/runtime/lua/vim/lsp/log.lua , size = 5.151 KB
[20:08:02.175][info] [#0:script/workspace/loading.lua:113]: ++++As library of:	file:///opt/homebrew/Cellar/neovim/0.9.5/share/nvim/runtime/lua/vim/lsp
[20:08:02.175][info] [#0:script/workspace/loading.lua:98]: Skip loaded file: file:///opt/homebrew/Cellar/neovim/0.9.5/share/nvim/runtime/lua/vim/lsp/log.lua
[20:08:02.175][info] [#0:script/workspace/loading.lua:101]: Preload file at: file:///opt/homebrew/Cellar/neovim/0.9.5/share/nvim/runtime/lua/vim/lsp/types.lua , size = 0.924 KB
[20:08:02.176][info] [#0:script/workspace/loading.lua:113]: ++++As library of:	file:///opt/homebrew/Cellar/neovim/0.9.5/share/nvim/runtime/lua/vim/lsp
[20:08:02.176][info] [#0:script/workspace/loading.lua:98]: Skip loaded file: file:///opt/homebrew/Cellar/neovim/0.9.5/share/nvim/runtime/lua/vim/lsp/types.lua
[20:08:02.176][info] [#0:script/workspace/loading.lua:101]: Preload file at: file:///opt/homebrew/Cellar/neovim/0.9.5/share/nvim/runtime/lua/vim/lsp/util.lua , size = 70.797 KB
[20:08:02.200][info] [#0:script/workspace/loading.lua:113]: ++++As library of:	file:///opt/homebrew/Cellar/neovim/0.9.5/share/nvim/runtime/lua/vim/lsp
[20:08:02.200][info] [#0:script/workspace/loading.lua:98]: Skip loaded file: file:///opt/homebrew/Cellar/neovim/0.9.5/share/nvim/runtime/lua/vim/lsp/util.lua
[20:08:02.200][info] [#0:script/workspace/loading.lua:101]: Preload file at: file:///opt/homebrew/Cellar/neovim/0.9.5/share/nvim/runtime/lua/vim/lsp/buf.lua , size = 27.969 KB
[20:08:02.206][info] [#0:script/workspace/loading.lua:113]: ++++As library of:	file:///opt/homebrew/Cellar/neovim/0.9.5/share/nvim/runtime/lua/vim/lsp
[20:08:02.206][info] [#0:script/workspace/loading.lua:98]: Skip loaded file: file:///opt/homebrew/Cellar/neovim/0.9.5/share/nvim/runtime/lua/vim/lsp/buf.lua
[20:08:02.206][info] [#0:script/workspace/loading.lua:101]: Preload file at: file:///opt/homebrew/Cellar/neovim/0.9.5/share/nvim/runtime/lua/vim/lsp/_snippet.lua , size = 10.744 KB
[20:08:02.211][info] [#0:script/workspace/loading.lua:113]: ++++As library of:	file:///opt/homebrew/Cellar/neovim/0.9.5/share/nvim/runtime/lua/vim/lsp
[20:08:02.211][info] [#0:script/workspace/loading.lua:98]: Skip loaded file: file:///opt/homebrew/Cellar/neovim/0.9.5/share/nvim/runtime/lua/vim/lsp/_snippet.lua
[20:08:02.211][info] [#0:script/workspace/loading.lua:101]: Preload file at: file:///opt/homebrew/Cellar/neovim/0.9.5/share/nvim/runtime/lua/vim/lsp/handlers.lua , size = 23.587 KB
[20:08:02.216][info] [#0:script/workspace/loading.lua:113]: ++++As library of:	file:///opt/homebrew/Cellar/neovim/0.9.5/share/nvim/runtime/lua/vim/lsp
[20:08:02.216][info] [#0:script/workspace/loading.lua:98]: Skip loaded file: file:///opt/homebrew/Cellar/neovim/0.9.5/share/nvim/runtime/lua/vim/lsp/handlers.lua
[20:08:02.216][info] [#0:script/workspace/loading.lua:101]: Preload file at: file:///opt/homebrew/Cellar/neovim/0.9.5/share/nvim/runtime/lua/vim/lsp/rpc.lua , size = 23.695 KB
[20:08:02.225][info] [#0:script/workspace/loading.lua:113]: ++++As library of:	file:///opt/homebrew/Cellar/neovim/0.9.5/share/nvim/runtime/lua/vim/lsp
[20:08:02.225][info] [#0:script/workspace/loading.lua:98]: Skip loaded file: file:///opt/homebrew/Cellar/neovim/0.9.5/share/nvim/runtime/lua/vim/lsp/rpc.lua
[20:08:02.225][info] [#0:script/workspace/loading.lua:101]: Preload file at: file:///opt/homebrew/Cellar/neovim/0.9.5/share/nvim/runtime/lua/vim/lsp/semantic_tokens.lua , size = 25.936 KB
[20:08:02.231][info] [#0:script/workspace/loading.lua:113]: ++++As library of:	file:///opt/homebrew/Cellar/neovim/0.9.5/share/nvim/runtime/lua/vim/lsp
[20:08:02.231][info] [#0:script/workspace/loading.lua:98]: Skip loaded file: file:///opt/homebrew/Cellar/neovim/0.9.5/share/nvim/runtime/lua/vim/lsp/semantic_tokens.lua
[20:08:02.231][info] [#0:script/workspace/loading.lua:101]: Preload file at: file:///opt/homebrew/Cellar/neovim/0.9.5/share/nvim/runtime/lua/vim/lsp/tagfunc.lua , size = 2.339 KB
[20:08:02.232][info] [#0:script/workspace/loading.lua:113]: ++++As library of:	file:///opt/homebrew/Cellar/neovim/0.9.5/share/nvim/runtime/lua/vim/lsp
[20:08:02.232][info] [#0:script/workspace/loading.lua:98]: Skip loaded file: file:///opt/homebrew/Cellar/neovim/0.9.5/share/nvim/runtime/lua/vim/lsp/tagfunc.lua
[20:08:02.232][info] [#0:script/workspace/loading.lua:101]: Preload file at: file:///opt/homebrew/Cellar/neovim/0.9.5/share/nvim/runtime/lua/vim/loader.lua , size = 16.182 KB
[20:08:02.237][info] [#0:script/workspace/loading.lua:113]: ++++As library of:	file:///opt/homebrew/Cellar/neovim/0.9.5/share/nvim/runtime/lua
[20:08:02.237][info] [#0:script/workspace/loading.lua:98]: Skip loaded file: file:///opt/homebrew/Cellar/neovim/0.9.5/share/nvim/runtime/lua/vim/loader.lua
[20:08:02.237][info] [#0:script/workspace/loading.lua:101]: Preload file at: file:///opt/homebrew/Cellar/neovim/0.9.5/share/nvim/runtime/lua/vim/shared.lua , size = 22.292 KB
[20:08:02.243][info] [#0:script/workspace/loading.lua:113]: ++++As library of:	file:///opt/homebrew/Cellar/neovim/0.9.5/share/nvim/runtime/lua
[20:08:02.243][info] [#0:script/workspace/loading.lua:98]: Skip loaded file: file:///opt/homebrew/Cellar/neovim/0.9.5/share/nvim/runtime/lua/vim/shared.lua
[20:08:02.243][info] [#0:script/workspace/loading.lua:101]: Preload file at: file:///opt/homebrew/Cellar/neovim/0.9.5/share/nvim/runtime/lua/vim/diagnostic.lua , size = 56.640 KB
[20:08:02.260][info] [#0:script/workspace/loading.lua:113]: ++++As library of:	file:///opt/homebrew/Cellar/neovim/0.9.5/share/nvim/runtime/lua
[20:08:02.260][info] [#0:script/workspace/loading.lua:98]: Skip loaded file: file:///opt/homebrew/Cellar/neovim/0.9.5/share/nvim/runtime/lua/vim/diagnostic.lua
[20:08:02.260][info] [#0:script/workspace/loading.lua:101]: Preload file at: file:///opt/homebrew/Cellar/neovim/0.9.5/share/nvim/runtime/lua/vim/_inspector.lua , size = 7.915 KB
[20:08:02.263][info] [#0:script/workspace/loading.lua:113]: ++++As library of:	file:///opt/homebrew/Cellar/neovim/0.9.5/share/nvim/runtime/lua
[20:08:02.263][info] [#0:script/workspace/loading.lua:98]: Skip loaded file: file:///opt/homebrew/Cellar/neovim/0.9.5/share/nvim/runtime/lua/vim/_inspector.lua
[20:08:02.263][info] [#0:script/workspace/loading.lua:101]: Preload file at: file:///opt/homebrew/Cellar/neovim/0.9.5/share/nvim/runtime/lua/vim/treesitter/_meta.lua , size = 2.839 KB
[20:08:02.264][info] [#0:script/workspace/loading.lua:113]: ++++As library of:	file:///opt/homebrew/Cellar/neovim/0.9.5/share/nvim/runtime/lua
[20:08:02.264][info] [#0:script/workspace/loading.lua:98]: Skip loaded file: file:///opt/homebrew/Cellar/neovim/0.9.5/share/nvim/runtime/lua/vim/treesitter/_meta.lua
[20:08:02.264][info] [#0:script/workspace/loading.lua:101]: Preload file at: file:///opt/homebrew/Cellar/neovim/0.9.5/share/nvim/runtime/lua/vim/treesitter/_fold.lua , size = 8.770 KB
[20:08:02.267][info] [#0:script/workspace/loading.lua:113]: ++++As library of:	file:///opt/homebrew/Cellar/neovim/0.9.5/share/nvim/runtime/lua
[20:08:02.267][info] [#0:script/workspace/loading.lua:98]: Skip loaded file: file:///opt/homebrew/Cellar/neovim/0.9.5/share/nvim/runtime/lua/vim/treesitter/_fold.lua
[20:08:02.267][info] [#0:script/workspace/loading.lua:101]: Preload file at: file:///opt/homebrew/Cellar/neovim/0.9.5/share/nvim/runtime/lua/vim/treesitter/_range.lua , size = 3.646 KB
[20:08:02.269][info] [#0:script/workspace/loading.lua:113]: ++++As library of:	file:///opt/homebrew/Cellar/neovim/0.9.5/share/nvim/runtime/lua
[20:08:02.269][info] [#0:script/workspace/loading.lua:98]: Skip loaded file: file:///opt/homebrew/Cellar/neovim/0.9.5/share/nvim/runtime/lua/vim/treesitter/_range.lua
[20:08:02.269][info] [#0:script/workspace/loading.lua:101]: Preload file at: file:///opt/homebrew/Cellar/neovim/0.9.5/share/nvim/runtime/lua/vim/treesitter/health.lua , size = 0.888 KB
[20:08:02.269][info] [#0:script/workspace/loading.lua:113]: ++++As library of:	file:///opt/homebrew/Cellar/neovim/0.9.5/share/nvim/runtime/lua
[20:08:02.269][info] [#0:script/workspace/loading.lua:98]: Skip loaded file: file:///opt/homebrew/Cellar/neovim/0.9.5/share/nvim/runtime/lua/vim/treesitter/health.lua
[20:08:02.269][info] [#0:script/workspace/loading.lua:101]: Preload file at: file:///opt/homebrew/Cellar/neovim/0.9.5/share/nvim/runtime/lua/vim/treesitter/languagetree.lua , size = 27.667 KB
[20:08:02.277][info] [#0:script/workspace/loading.lua:113]: ++++As library of:	file:///opt/homebrew/Cellar/neovim/0.9.5/share/nvim/runtime/lua
[20:08:02.277][info] [#0:script/workspace/loading.lua:98]: Skip loaded file: file:///opt/homebrew/Cellar/neovim/0.9.5/share/nvim/runtime/lua/vim/treesitter/languagetree.lua
[20:08:02.277][info] [#0:script/workspace/loading.lua:101]: Preload file at: file:///opt/homebrew/Cellar/neovim/0.9.5/share/nvim/runtime/lua/vim/treesitter/playground.lua , size = 12.789 KB
[20:08:02.281][info] [#0:script/workspace/loading.lua:113]: ++++As library of:	file:///opt/homebrew/Cellar/neovim/0.9.5/share/nvim/runtime/lua
[20:08:02.281][info] [#0:script/workspace/loading.lua:98]: Skip loaded file: file:///opt/homebrew/Cellar/neovim/0.9.5/share/nvim/runtime/lua/vim/treesitter/playground.lua
[20:08:02.281][info] [#0:script/workspace/loading.lua:101]: Preload file at: file:///opt/homebrew/Cellar/neovim/0.9.5/share/nvim/runtime/lua/vim/treesitter/language.lua , size = 3.558 KB
[20:08:02.282][info] [#0:script/workspace/loading.lua:113]: ++++As library of:	file:///opt/homebrew/Cellar/neovim/0.9.5/share/nvim/runtime/lua
[20:08:02.282][info] [#0:script/workspace/loading.lua:98]: Skip loaded file: file:///opt/homebrew/Cellar/neovim/0.9.5/share/nvim/runtime/lua/vim/treesitter/language.lua
[20:08:02.282][info] [#0:script/workspace/loading.lua:101]: Preload file at: file:///opt/homebrew/Cellar/neovim/0.9.5/share/nvim/runtime/lua/vim/treesitter/query.lua , size = 21.253 KB
[20:08:02.288][info] [#0:script/workspace/loading.lua:113]: ++++As library of:	file:///opt/homebrew/Cellar/neovim/0.9.5/share/nvim/runtime/lua
[20:08:02.288][info] [#0:script/workspace/loading.lua:98]: Skip loaded file: file:///opt/homebrew/Cellar/neovim/0.9.5/share/nvim/runtime/lua/vim/treesitter/query.lua
[20:08:02.288][info] [#0:script/workspace/loading.lua:101]: Preload file at: file:///opt/homebrew/Cellar/neovim/0.9.5/share/nvim/runtime/lua/vim/treesitter/highlighter.lua , size = 8.781 KB
[20:08:02.290][info] [#0:script/workspace/loading.lua:113]: ++++As library of:	file:///opt/homebrew/Cellar/neovim/0.9.5/share/nvim/runtime/lua
[20:08:02.290][info] [#0:script/workspace/loading.lua:98]: Skip loaded file: file:///opt/homebrew/Cellar/neovim/0.9.5/share/nvim/runtime/lua/vim/treesitter/highlighter.lua
[20:08:02.290][info] [#0:script/workspace/loading.lua:101]: Preload file at: file:///opt/homebrew/Cellar/neovim/0.9.5/share/nvim/runtime/lua/vim/health.lua , size = 1.782 KB
[20:08:02.291][info] [#0:script/workspace/loading.lua:113]: ++++As library of:	file:///opt/homebrew/Cellar/neovim/0.9.5/share/nvim/runtime/lua
[20:08:02.291][info] [#0:script/workspace/loading.lua:98]: Skip loaded file: file:///opt/homebrew/Cellar/neovim/0.9.5/share/nvim/runtime/lua/vim/health.lua
[20:08:02.291][info] [#0:script/workspace/loading.lua:101]: Preload file at: file:///opt/homebrew/Cellar/neovim/0.9.5/share/nvim/runtime/lua/vim/keymap.lua , size = 3.573 KB
[20:08:02.292][info] [#0:script/workspace/loading.lua:113]: ++++As library of:	file:///opt/homebrew/Cellar/neovim/0.9.5/share/nvim/runtime/lua
[20:08:02.292][info] [#0:script/workspace/loading.lua:98]: Skip loaded file: file:///opt/homebrew/Cellar/neovim/0.9.5/share/nvim/runtime/lua/vim/keymap.lua
[20:08:02.292][info] [#0:script/workspace/loading.lua:101]: Preload file at: file:///opt/homebrew/Cellar/neovim/0.9.5/share/nvim/runtime/lua/vim/secure.lua , size = 4.830 KB
[20:08:02.294][info] [#0:script/workspace/loading.lua:113]: ++++As library of:	file:///opt/homebrew/Cellar/neovim/0.9.5/share/nvim/runtime/lua
[20:08:02.294][info] [#0:script/workspace/loading.lua:98]: Skip loaded file: file:///opt/homebrew/Cellar/neovim/0.9.5/share/nvim/runtime/lua/vim/secure.lua
[20:08:02.294][info] [#0:script/workspace/loading.lua:101]: Preload file at: file:///opt/homebrew/Cellar/neovim/0.9.5/share/nvim/runtime/lua/vim/_editor.lua , size = 29.378 KB
[20:08:02.301][info] [#0:script/workspace/loading.lua:113]: ++++As library of:	file:///opt/homebrew/Cellar/neovim/0.9.5/share/nvim/runtime/lua
[20:08:02.301][info] [#0:script/workspace/loading.lua:98]: Skip loaded file: file:///opt/homebrew/Cellar/neovim/0.9.5/share/nvim/runtime/lua/vim/_editor.lua
[20:08:02.301][info] [#0:script/workspace/loading.lua:89]: Skip loaded file: file:///opt/homebrew/Cellar/neovim/0.9.5/share/nvim/runtime/lua/vim/lsp/diagnostic.lua
[20:08:02.301][info] [#0:script/workspace/loading.lua:113]: ++++As library of:	file:///opt/homebrew/Cellar/neovim/0.9.5/share/nvim/runtime/lua
[20:08:02.301][info] [#0:script/workspace/loading.lua:89]: Skip loaded file: file:///opt/homebrew/Cellar/neovim/0.9.5/share/nvim/runtime/lua/vim/lsp/diagnostic.lua
[20:08:02.301][info] [#0:script/workspace/loading.lua:113]: ++++As library of:	file:///opt/homebrew/Cellar/neovim/0.9.5/share/nvim/runtime/lua
[20:08:02.301][info] [#0:script/workspace/loading.lua:89]: Skip loaded file: file:///opt/homebrew/Cellar/neovim/0.9.5/share/nvim/runtime/lua/vim/lsp/protocol.lua
[20:08:02.301][info] [#0:script/workspace/loading.lua:113]: ++++As library of:	file:///opt/homebrew/Cellar/neovim/0.9.5/share/nvim/runtime/lua
[20:08:02.301][info] [#0:script/workspace/loading.lua:89]: Skip loaded file: file:///opt/homebrew/Cellar/neovim/0.9.5/share/nvim/runtime/lua/vim/lsp/protocol.lua
[20:08:02.301][info] [#0:script/workspace/loading.lua:113]: ++++As library of:	file:///opt/homebrew/Cellar/neovim/0.9.5/share/nvim/runtime/lua
[20:08:02.301][info] [#0:script/workspace/loading.lua:89]: Skip loaded file: file:///opt/homebrew/Cellar/neovim/0.9.5/share/nvim/runtime/lua/vim/lsp/health.lua
[20:08:02.301][info] [#0:script/workspace/loading.lua:113]: ++++As library of:	file:///opt/homebrew/Cellar/neovim/0.9.5/share/nvim/runtime/lua
[20:08:02.301][info] [#0:script/workspace/loading.lua:89]: Skip loaded file: file:///opt/homebrew/Cellar/neovim/0.9.5/share/nvim/runtime/lua/vim/lsp/health.lua
[20:08:02.301][info] [#0:script/workspace/loading.lua:113]: ++++As library of:	file:///opt/homebrew/Cellar/neovim/0.9.5/share/nvim/runtime/lua
[20:08:02.301][info] [#0:script/workspace/loading.lua:89]: Skip loaded file: file:///opt/homebrew/Cellar/neovim/0.9.5/share/nvim/runtime/lua/vim/lsp/codelens.lua
[20:08:02.301][info] [#0:script/workspace/loading.lua:113]: ++++As library of:	file:///opt/homebrew/Cellar/neovim/0.9.5/share/nvim/runtime/lua
[20:08:02.301][info] [#0:script/workspace/loading.lua:101]: Preload file at: file:///opt/homebrew/Cellar/neovim/0.9.5/share/nvim/runtime/lua/vim/highlight.lua , size = 3.749 KB
[20:08:02.302][info] [#0:script/workspace/loading.lua:113]: ++++As library of:	file:///opt/homebrew/Cellar/neovim/0.9.5/share/nvim/runtime/lua
[20:08:02.302][info] [#0:script/workspace/loading.lua:98]: Skip loaded file: file:///opt/homebrew/Cellar/neovim/0.9.5/share/nvim/runtime/lua/vim/highlight.lua
[20:08:02.302][info] [#0:script/workspace/loading.lua:89]: Skip loaded file: file:///opt/homebrew/Cellar/neovim/0.9.5/share/nvim/runtime/lua/vim/lsp/codelens.lua
[20:08:02.303][info] [#0:script/workspace/loading.lua:113]: ++++As library of:	file:///opt/homebrew/Cellar/neovim/0.9.5/share/nvim/runtime/lua
[20:08:02.303][info] [#0:script/workspace/loading.lua:89]: Skip loaded file: file:///opt/homebrew/Cellar/neovim/0.9.5/share/nvim/runtime/lua/vim/lsp/_watchfiles.lua
[20:08:02.303][info] [#0:script/workspace/loading.lua:113]: ++++As library of:	file:///opt/homebrew/Cellar/neovim/0.9.5/share/nvim/runtime/lua
[20:08:02.303][info] [#0:script/workspace/loading.lua:89]: Skip loaded file: file:///opt/homebrew/Cellar/neovim/0.9.5/share/nvim/runtime/lua/vim/lsp/_watchfiles.lua
[20:08:02.303][info] [#0:script/workspace/loading.lua:113]: ++++As library of:	file:///opt/homebrew/Cellar/neovim/0.9.5/share/nvim/runtime/lua
[20:08:02.303][info] [#0:script/workspace/loading.lua:89]: Skip loaded file: file:///opt/homebrew/Cellar/neovim/0.9.5/share/nvim/runtime/lua/vim/lsp/sync.lua
[20:08:02.303][info] [#0:script/workspace/loading.lua:113]: ++++As library of:	file:///opt/homebrew/Cellar/neovim/0.9.5/share/nvim/runtime/lua
[20:08:02.303][info] [#0:script/workspace/loading.lua:89]: Skip loaded file: file:///opt/homebrew/Cellar/neovim/0.9.5/share/nvim/runtime/lua/vim/lsp/sync.lua
[20:08:02.303][info] [#0:script/workspace/loading.lua:113]: ++++As library of:	file:///opt/homebrew/Cellar/neovim/0.9.5/share/nvim/runtime/lua
[20:08:02.303][info] [#0:script/workspace/loading.lua:89]: Skip loaded file: file:///opt/homebrew/Cellar/neovim/0.9.5/share/nvim/runtime/lua/vim/lsp/log.lua
[20:08:02.303][info] [#0:script/workspace/loading.lua:113]: ++++As library of:	file:///opt/homebrew/Cellar/neovim/0.9.5/share/nvim/runtime/lua
[20:08:02.303][info] [#0:script/workspace/loading.lua:89]: Skip loaded file: file:///opt/homebrew/Cellar/neovim/0.9.5/share/nvim/runtime/lua/vim/lsp/log.lua
[20:08:02.303][info] [#0:script/workspace/loading.lua:113]: ++++As library of:	file:///opt/homebrew/Cellar/neovim/0.9.5/share/nvim/runtime/lua
[20:08:02.303][info] [#0:script/workspace/loading.lua:89]: Skip loaded file: file:///opt/homebrew/Cellar/neovim/0.9.5/share/nvim/runtime/lua/vim/lsp/types.lua
[20:08:02.303][info] [#0:script/workspace/loading.lua:113]: ++++As library of:	file:///opt/homebrew/Cellar/neovim/0.9.5/share/nvim/runtime/lua
[20:08:02.303][info] [#0:script/workspace/loading.lua:89]: Skip loaded file: file:///opt/homebrew/Cellar/neovim/0.9.5/share/nvim/runtime/lua/vim/lsp/types.lua
[20:08:02.303][info] [#0:script/workspace/loading.lua:113]: ++++As library of:	file:///opt/homebrew/Cellar/neovim/0.9.5/share/nvim/runtime/lua
[20:08:02.303][info] [#0:script/workspace/loading.lua:89]: Skip loaded file: file:///opt/homebrew/Cellar/neovim/0.9.5/share/nvim/runtime/lua/vim/lsp/util.lua
[20:08:02.303][info] [#0:script/workspace/loading.lua:113]: ++++As library of:	file:///opt/homebrew/Cellar/neovim/0.9.5/share/nvim/runtime/lua
[20:08:02.303][info] [#0:script/workspace/loading.lua:89]: Skip loaded file: file:///opt/homebrew/Cellar/neovim/0.9.5/share/nvim/runtime/lua/vim/lsp/util.lua
[20:08:02.303][info] [#0:script/workspace/loading.lua:113]: ++++As library of:	file:///opt/homebrew/Cellar/neovim/0.9.5/share/nvim/runtime/lua
[20:08:02.303][info] [#0:script/workspace/loading.lua:89]: Skip loaded file: file:///opt/homebrew/Cellar/neovim/0.9.5/share/nvim/runtime/lua/vim/lsp/buf.lua
[20:08:02.303][info] [#0:script/workspace/loading.lua:113]: ++++As library of:	file:///opt/homebrew/Cellar/neovim/0.9.5/share/nvim/runtime/lua
[20:08:02.303][info] [#0:script/workspace/loading.lua:89]: Skip loaded file: file:///opt/homebrew/Cellar/neovim/0.9.5/share/nvim/runtime/lua/vim/lsp/buf.lua
[20:08:02.303][info] [#0:script/workspace/loading.lua:113]: ++++As library of:	file:///opt/homebrew/Cellar/neovim/0.9.5/share/nvim/runtime/lua
[20:08:02.303][info] [#0:script/workspace/loading.lua:89]: Skip loaded file: file:///opt/homebrew/Cellar/neovim/0.9.5/share/nvim/runtime/lua/vim/lsp/_snippet.lua
[20:08:02.303][info] [#0:script/workspace/loading.lua:113]: ++++As library of:	file:///opt/homebrew/Cellar/neovim/0.9.5/share/nvim/runtime/lua
[20:08:02.303][info] [#0:script/workspace/loading.lua:89]: Skip loaded file: file:///opt/homebrew/Cellar/neovim/0.9.5/share/nvim/runtime/lua/vim/lsp/_snippet.lua
[20:08:02.303][info] [#0:script/workspace/loading.lua:113]: ++++As library of:	file:///opt/homebrew/Cellar/neovim/0.9.5/share/nvim/runtime/lua
[20:08:02.303][info] [#0:script/workspace/loading.lua:89]: Skip loaded file: file:///opt/homebrew/Cellar/neovim/0.9.5/share/nvim/runtime/lua/vim/lsp/handlers.lua
[20:08:02.303][info] [#0:script/workspace/loading.lua:113]: ++++As library of:	file:///opt/homebrew/Cellar/neovim/0.9.5/share/nvim/runtime/lua
[20:08:02.303][info] [#0:script/workspace/loading.lua:89]: Skip loaded file: file:///opt/homebrew/Cellar/neovim/0.9.5/share/nvim/runtime/lua/vim/lsp/handlers.lua
[20:08:02.303][info] [#0:script/workspace/loading.lua:113]: ++++As library of:	file:///opt/homebrew/Cellar/neovim/0.9.5/share/nvim/runtime/lua
[20:08:02.303][info] [#0:script/workspace/loading.lua:89]: Skip loaded file: file:///opt/homebrew/Cellar/neovim/0.9.5/share/nvim/runtime/lua/vim/lsp/rpc.lua
[20:08:02.303][info] [#0:script/workspace/loading.lua:113]: ++++As library of:	file:///opt/homebrew/Cellar/neovim/0.9.5/share/nvim/runtime/lua
[20:08:02.303][info] [#0:script/workspace/loading.lua:89]: Skip loaded file: file:///opt/homebrew/Cellar/neovim/0.9.5/share/nvim/runtime/lua/vim/lsp/rpc.lua
[20:08:02.303][info] [#0:script/workspace/loading.lua:113]: ++++As library of:	file:///opt/homebrew/Cellar/neovim/0.9.5/share/nvim/runtime/lua
[20:08:02.303][info] [#0:script/workspace/loading.lua:89]: Skip loaded file: file:///opt/homebrew/Cellar/neovim/0.9.5/share/nvim/runtime/lua/vim/lsp/semantic_tokens.lua
[20:08:02.303][info] [#0:script/workspace/loading.lua:113]: ++++As library of:	file:///opt/homebrew/Cellar/neovim/0.9.5/share/nvim/runtime/lua
[20:08:02.303][info] [#0:script/workspace/loading.lua:89]: Skip loaded file: file:///opt/homebrew/Cellar/neovim/0.9.5/share/nvim/runtime/lua/vim/lsp/semantic_tokens.lua
[20:08:02.303][info] [#0:script/workspace/loading.lua:113]: ++++As library of:	file:///opt/homebrew/Cellar/neovim/0.9.5/share/nvim/runtime/lua
[20:08:02.303][info] [#0:script/workspace/loading.lua:89]: Skip loaded file: file:///opt/homebrew/Cellar/neovim/0.9.5/share/nvim/runtime/lua/vim/lsp/tagfunc.lua
[20:08:02.303][info] [#0:script/workspace/loading.lua:113]: ++++As library of:	file:///opt/homebrew/Cellar/neovim/0.9.5/share/nvim/runtime/lua
[20:08:02.303][info] [#0:script/workspace/loading.lua:89]: Skip loaded file: file:///opt/homebrew/Cellar/neovim/0.9.5/share/nvim/runtime/lua/vim/lsp/tagfunc.lua
[20:08:02.303][info] [#0:script/workspace/loading.lua:113]: ++++As library of:	file:///opt/homebrew/Cellar/neovim/0.9.5/share/nvim/runtime/lua
[20:08:02.303][info] [#0:script/workspace/loading.lua:101]: Preload file at: file:///opt/homebrew/Cellar/neovim/0.9.5/share/nvim/runtime/lua/vim/fs.lua , size = 10.702 KB
[20:08:02.306][info] [#0:script/workspace/loading.lua:113]: ++++As library of:	file:///opt/homebrew/Cellar/neovim/0.9.5/share/nvim/runtime/lua
[20:08:02.306][info] [#0:script/workspace/loading.lua:98]: Skip loaded file: file:///opt/homebrew/Cellar/neovim/0.9.5/share/nvim/runtime/lua/vim/fs.lua
[20:08:02.306][info] [#0:script/workspace/loading.lua:101]: Preload file at: file:///opt/homebrew/Cellar/neovim/0.9.5/share/nvim/runtime/lua/vim/inspect.lua , size = 8.864 KB
[20:08:02.314][info] [#0:script/workspace/loading.lua:113]: ++++As library of:	file:///opt/homebrew/Cellar/neovim/0.9.5/share/nvim/runtime/lua
[20:08:02.314][info] [#0:script/workspace/loading.lua:98]: Skip loaded file: file:///opt/homebrew/Cellar/neovim/0.9.5/share/nvim/runtime/lua/vim/inspect.lua
[20:08:02.314][info] [#0:script/workspace/loading.lua:101]: Preload file at: file:///opt/homebrew/Cellar/neovim/0.9.5/share/nvim/runtime/lua/vim/lsp.lua , size = 82.377 KB
[20:08:02.332][info] [#0:script/workspace/loading.lua:113]: ++++As library of:	file:///opt/homebrew/Cellar/neovim/0.9.5/share/nvim/runtime/lua
[20:08:02.332][info] [#0:script/workspace/loading.lua:98]: Skip loaded file: file:///opt/homebrew/Cellar/neovim/0.9.5/share/nvim/runtime/lua/vim/lsp.lua
[20:08:02.332][info] [#0:script/workspace/loading.lua:101]: Preload file at: file:///opt/homebrew/Cellar/neovim/0.9.5/share/nvim/runtime/lua/vim/filetype/detect.lua , size = 47.659 KB
[20:08:02.343][info] [#0:script/workspace/loading.lua:113]: ++++As library of:	file:///opt/homebrew/Cellar/neovim/0.9.5/share/nvim/runtime/lua
[20:08:02.343][info] [#0:script/workspace/loading.lua:98]: Skip loaded file: file:///opt/homebrew/Cellar/neovim/0.9.5/share/nvim/runtime/lua/vim/filetype/detect.lua
[20:08:02.343][info] [#0:script/workspace/loading.lua:101]: Preload file at: file:///opt/homebrew/Cellar/neovim/0.9.5/share/nvim/runtime/lua/vim/filetype/options.lua , size = 2.561 KB
[20:08:02.344][info] [#0:script/workspace/loading.lua:113]: ++++As library of:	file:///opt/homebrew/Cellar/neovim/0.9.5/share/nvim/runtime/lua
[20:08:02.344][info] [#0:script/workspace/loading.lua:98]: Skip loaded file: file:///opt/homebrew/Cellar/neovim/0.9.5/share/nvim/runtime/lua/vim/filetype/options.lua
[20:08:02.344][info] [#0:script/workspace/loading.lua:101]: Preload file at: file:///opt/homebrew/Cellar/neovim/0.9.5/share/nvim/runtime/lua/vim/_options.lua , size = 12.261 KB
[20:08:02.347][info] [#0:script/workspace/loading.lua:113]: ++++As library of:	file:///opt/homebrew/Cellar/neovim/0.9.5/share/nvim/runtime/lua
[20:08:02.347][info] [#0:script/workspace/loading.lua:98]: Skip loaded file: file:///opt/homebrew/Cellar/neovim/0.9.5/share/nvim/runtime/lua/vim/_options.lua
[20:08:02.347][info] [#0:script/workspace/loading.lua:101]: Preload file at: file:///opt/homebrew/Cellar/neovim/0.9.5/share/nvim/runtime/lua/vim/version.lua , size = 12.146 KB
[20:08:02.351][info] [#0:script/workspace/loading.lua:113]: ++++As library of:	file:///opt/homebrew/Cellar/neovim/0.9.5/share/nvim/runtime/lua
[20:08:02.351][info] [#0:script/workspace/loading.lua:98]: Skip loaded file: file:///opt/homebrew/Cellar/neovim/0.9.5/share/nvim/runtime/lua/vim/version.lua
[20:08:02.351][info] [#0:script/workspace/loading.lua:101]: Preload file at: file:///opt/homebrew/Cellar/neovim/0.9.5/share/nvim/runtime/lua/vim/uri.lua , size = 3.376 KB
[20:08:02.352][info] [#0:script/workspace/loading.lua:113]: ++++As library of:	file:///opt/homebrew/Cellar/neovim/0.9.5/share/nvim/runtime/lua
[20:08:02.352][info] [#0:script/workspace/loading.lua:98]: Skip loaded file: file:///opt/homebrew/Cellar/neovim/0.9.5/share/nvim/runtime/lua/vim/uri.lua
[20:08:02.352][info] [#0:script/workspace/loading.lua:101]: Preload file at: file:///opt/homebrew/Cellar/neovim/0.9.5/share/nvim/runtime/lua/vim/treesitter.lua , size = 15.316 KB
[20:08:02.356][info] [#0:script/workspace/loading.lua:113]: ++++As library of:	file:///opt/homebrew/Cellar/neovim/0.9.5/share/nvim/runtime/lua
[20:08:02.356][info] [#0:script/workspace/loading.lua:98]: Skip loaded file: file:///opt/homebrew/Cellar/neovim/0.9.5/share/nvim/runtime/lua/vim/treesitter.lua
[20:08:02.356][info] [#0:script/workspace/loading.lua:101]: Preload file at: file:///opt/homebrew/Cellar/neovim/0.9.5/share/nvim/runtime/lua/vim/ui.lua , size = 3.672 KB
[20:08:02.357][info] [#0:script/workspace/loading.lua:113]: ++++As library of:	file:///opt/homebrew/Cellar/neovim/0.9.5/share/nvim/runtime/lua
[20:08:02.357][info] [#0:script/workspace/loading.lua:98]: Skip loaded file: file:///opt/homebrew/Cellar/neovim/0.9.5/share/nvim/runtime/lua/vim/ui.lua
[20:08:02.357][info] [#0:script/workspace/loading.lua:101]: Preload file at: file:///opt/homebrew/Cellar/neovim/0.9.5/share/nvim/runtime/lua/vim/_init_packages.lua , size = 2.773 KB
[20:08:02.358][info] [#0:script/workspace/loading.lua:113]: ++++As library of:	file:///opt/homebrew/Cellar/neovim/0.9.5/share/nvim/runtime/lua
[20:08:02.358][info] [#0:script/workspace/loading.lua:98]: Skip loaded file: file:///opt/homebrew/Cellar/neovim/0.9.5/share/nvim/runtime/lua/vim/_init_packages.lua
[20:08:02.358][info] [#0:script/workspace/loading.lua:101]: Preload file at: file:///opt/homebrew/Cellar/neovim/0.9.5/share/nvim/runtime/lua/vim/filetype.lua , size = 74.400 KB
[20:08:02.376][info] [#0:script/workspace/loading.lua:113]: ++++As library of:	file:///opt/homebrew/Cellar/neovim/0.9.5/share/nvim/runtime/lua
[20:08:02.376][info] [#0:script/workspace/loading.lua:98]: Skip loaded file: file:///opt/homebrew/Cellar/neovim/0.9.5/share/nvim/runtime/lua/vim/filetype.lua
[20:08:02.376][info] [#0:script/workspace/loading.lua:101]: Preload file at: file:///opt/homebrew/Cellar/neovim/0.9.5/share/nvim/runtime/lua/vim/_watch.lua , size = 5.387 KB
[20:08:02.377][info] [#0:script/workspace/loading.lua:113]: ++++As library of:	file:///opt/homebrew/Cellar/neovim/0.9.5/share/nvim/runtime/lua
[20:08:02.377][info] [#0:script/workspace/loading.lua:98]: Skip loaded file: file:///opt/homebrew/Cellar/neovim/0.9.5/share/nvim/runtime/lua/vim/_watch.lua
[20:08:02.377][info] [#0:script/workspace/loading.lua:101]: Preload file at: file:///opt/homebrew/Cellar/neovim/0.9.5/share/nvim/runtime/lua/vim/F.lua , size = 0.824 KB
[20:08:02.378][info] [#0:script/workspace/loading.lua:113]: ++++As library of:	file:///opt/homebrew/Cellar/neovim/0.9.5/share/nvim/runtime/lua
[20:08:02.378][info] [#0:script/workspace/loading.lua:98]: Skip loaded file: file:///opt/homebrew/Cellar/neovim/0.9.5/share/nvim/runtime/lua/vim/F.lua
[20:08:02.378][info] [#0:script/workspace/loading.lua:101]: Preload file at: file:///opt/homebrew/Cellar/neovim/0.9.5/share/nvim/runtime/lua/nvim/health.lua , size = 12.706 KB
[20:08:02.381][info] [#0:script/workspace/loading.lua:113]: ++++As library of:	file:///opt/homebrew/Cellar/neovim/0.9.5/share/nvim/runtime/lua
[20:08:02.381][info] [#0:script/workspace/loading.lua:98]: Skip loaded file: file:///opt/homebrew/Cellar/neovim/0.9.5/share/nvim/runtime/lua/nvim/health.lua
[20:08:02.381][info] [#0:script/workspace/loading.lua:101]: Preload file at: file:///opt/homebrew/Cellar/neovim/0.9.5/share/nvim/runtime/lua/man.lua , size = 25.082 KB
[20:08:02.398][info] [#0:script/workspace/loading.lua:113]: ++++As library of:	file:///opt/homebrew/Cellar/neovim/0.9.5/share/nvim/runtime/lua
[20:08:02.398][info] [#0:script/workspace/loading.lua:98]: Skip loaded file: file:///opt/homebrew/Cellar/neovim/0.9.5/share/nvim/runtime/lua/man.lua
[20:08:02.398][info] [#0:script/workspace/loading.lua:101]: Preload file at: file:///opt/homebrew/Cellar/neovim/0.9.5/share/nvim/runtime/lua/_vim9script.lua , size = 15.439 KB
[20:08:02.402][info] [#0:script/workspace/loading.lua:113]: ++++As library of:	file:///opt/homebrew/Cellar/neovim/0.9.5/share/nvim/runtime/lua
[20:08:02.402][info] [#0:script/workspace/loading.lua:98]: Skip loaded file: file:///opt/homebrew/Cellar/neovim/0.9.5/share/nvim/runtime/lua/_vim9script.lua
[20:08:02.402][info] [#0:script/workspace/loading.lua:101]: Preload file at: file:///opt/homebrew/Cellar/neovim/0.9.5/share/nvim/runtime/lua/editorconfig.lua , size = 7.479 KB
[20:08:02.404][info] [#0:script/workspace/loading.lua:113]: ++++As library of:	file:///opt/homebrew/Cellar/neovim/0.9.5/share/nvim/runtime/lua
[20:08:02.404][info] [#0:script/workspace/loading.lua:98]: Skip loaded file: file:///opt/homebrew/Cellar/neovim/0.9.5/share/nvim/runtime/lua/editorconfig.lua
[20:08:02.404][info] [#0:script/workspace/loading.lua:101]: Preload file at: file:///Users/himudigonda/.local/share/nvim/mason/packages/lua-language-server/libexec/meta/Lua%205.4%20en-us%20utf8/basic.lua , size = 15.377 KB
[20:08:02.408][info] [#0:script/workspace/loading.lua:113]: ++++As library of:	file:///Users/himudigonda/.local/share/nvim/mason/packages/lua-language-server/libexec/meta/Lua%205.4%20en-us%20utf8/basic.lua
[20:08:02.408][info] [#0:script/workspace/loading.lua:98]: Skip loaded file: file:///Users/himudigonda/.local/share/nvim/mason/packages/lua-language-server/libexec/meta/Lua%205.4%20en-us%20utf8/basic.lua
[20:08:02.408][info] [#0:script/workspace/loading.lua:101]: Preload file at: file:///Users/himudigonda/.local/share/nvim/mason/packages/lua-language-server/libexec/meta/Lua%205.4%20en-us%20utf8/coroutine.lua , size = 2.590 KB
[20:08:02.409][info] [#0:script/workspace/loading.lua:113]: ++++As library of:	file:///Users/himudigonda/.local/share/nvim/mason/packages/lua-language-server/libexec/meta/Lua%205.4%20en-us%20utf8/coroutine.lua
[20:08:02.409][info] [#0:script/workspace/loading.lua:98]: Skip loaded file: file:///Users/himudigonda/.local/share/nvim/mason/packages/lua-language-server/libexec/meta/Lua%205.4%20en-us%20utf8/coroutine.lua
[20:08:02.409][info] [#0:script/workspace/loading.lua:101]: Preload file at: file:///Users/himudigonda/.local/share/nvim/mason/packages/lua-language-server/libexec/meta/Lua%205.4%20en-us%20utf8/debug.lua , size = 7.637 KB
[20:08:02.411][info] [#0:script/workspace/loading.lua:113]: ++++As library of:	file:///Users/himudigonda/.local/share/nvim/mason/packages/lua-language-server/libexec/meta/Lua%205.4%20en-us%20utf8/debug.lua
[20:08:02.411][info] [#0:script/workspace/loading.lua:98]: Skip loaded file: file:///Users/himudigonda/.local/share/nvim/mason/packages/lua-language-server/libexec/meta/Lua%205.4%20en-us%20utf8/debug.lua
[20:08:02.411][info] [#0:script/workspace/loading.lua:101]: Preload file at: file:///Users/himudigonda/.local/share/nvim/mason/packages/lua-language-server/libexec/meta/Lua%205.4%20en-us%20utf8/builtin.lua , size = 0.302 KB
[20:08:02.412][info] [#0:script/workspace/loading.lua:113]: ++++As library of:	file:///Users/himudigonda/.local/share/nvim/mason/packages/lua-language-server/libexec/meta/Lua%205.4%20en-us%20utf8/builtin.lua
[20:08:02.412][info] [#0:script/workspace/loading.lua:98]: Skip loaded file: file:///Users/himudigonda/.local/share/nvim/mason/packages/lua-language-server/libexec/meta/Lua%205.4%20en-us%20utf8/builtin.lua
[20:08:02.412][info] [#0:script/workspace/loading.lua:101]: Preload file at: file:///Users/himudigonda/.local/share/nvim/mason/packages/lua-language-server/libexec/meta/Lua%205.4%20en-us%20utf8/table.lua , size = 4.230 KB
[20:08:02.413][info] [#0:script/workspace/loading.lua:113]: ++++As library of:	file:///Users/himudigonda/.local/share/nvim/mason/packages/lua-language-server/libexec/meta/Lua%205.4%20en-us%20utf8/table.lua
[20:08:02.413][info] [#0:script/workspace/loading.lua:98]: Skip loaded file: file:///Users/himudigonda/.local/share/nvim/mason/packages/lua-language-server/libexec/meta/Lua%205.4%20en-us%20utf8/table.lua
[20:08:02.413][info] [#0:script/workspace/loading.lua:101]: Preload file at: file:///Users/himudigonda/.local/share/nvim/lazy/lazy.nvim/lua/lazy/init.lua , size = 3.717 KB
[20:08:02.414][info] [#0:script/workspace/loading.lua:113]: ++++As library of:	file:///Users/himudigonda/.local/share/nvim/lazy/lazy.nvim/lua/lazy
[20:08:02.414][info] [#0:script/workspace/loading.lua:98]: Skip loaded file: file:///Users/himudigonda/.local/share/nvim/lazy/lazy.nvim/lua/lazy/init.lua
[20:08:02.414][info] [#0:script/workspace/loading.lua:101]: Preload file at: file:///Users/himudigonda/.local/share/nvim/lazy/lazy.nvim/lua/lazy/core/loader.lua , size = 13.767 KB
[20:08:02.419][info] [#0:script/workspace/loading.lua:113]: ++++As library of:	file:///Users/himudigonda/.local/share/nvim/lazy/lazy.nvim/lua/lazy
[20:08:02.419][info] [#0:script/workspace/loading.lua:98]: Skip loaded file: file:///Users/himudigonda/.local/share/nvim/lazy/lazy.nvim/lua/lazy/core/loader.lua
[20:08:02.419][info] [#0:script/workspace/loading.lua:89]: Skip loaded file: file:///Users/himudigonda/.config/nvim/lua/plugins/init.lua
[20:08:02.524][info] [#0:script/workspace/loading.lua:101]: Preload file at: file:///Users/himudigonda/.local/share/nvim/lazy/lazy.nvim/lua/lazy/core/handler/event.lua , size = 4.860 KB
[20:08:02.527][info] [#0:script/workspace/loading.lua:113]: ++++As library of:	file:///Users/himudigonda/.local/share/nvim/lazy/lazy.nvim/lua/lazy
[20:08:02.527][info] [#0:script/workspace/loading.lua:98]: Skip loaded file: file:///Users/himudigonda/.local/share/nvim/lazy/lazy.nvim/lua/lazy/core/handler/event.lua
[20:08:02.527][info] [#0:script/workspace/loading.lua:101]: Preload file at: file:///Users/himudigonda/.local/share/nvim/lazy/lazy.nvim/lua/lazy/core/handler/init.lua , size = 3.126 KB
[20:08:02.530][info] [#0:script/workspace/loading.lua:113]: ++++As library of:	file:///Users/himudigonda/.local/share/nvim/lazy/lazy.nvim/lua/lazy
[20:08:02.530][info] [#0:script/workspace/loading.lua:98]: Skip loaded file: file:///Users/himudigonda/.local/share/nvim/lazy/lazy.nvim/lua/lazy/core/handler/init.lua
[20:08:02.530][info] [#0:script/workspace/loading.lua:101]: Preload file at: file:///Users/himudigonda/.local/share/nvim/lazy/lazy.nvim/lua/lazy/core/handler/keys.lua , size = 5.024 KB
[20:08:02.533][info] [#0:script/workspace/loading.lua:113]: ++++As library of:	file:///Users/himudigonda/.local/share/nvim/lazy/lazy.nvim/lua/lazy
[20:08:02.533][info] [#0:script/workspace/loading.lua:98]: Skip loaded file: file:///Users/himudigonda/.local/share/nvim/lazy/lazy.nvim/lua/lazy/core/handler/keys.lua
[20:08:02.533][info] [#0:script/workspace/loading.lua:101]: Preload file at: file:///Users/himudigonda/.local/share/nvim/lazy/lazy.nvim/lua/lazy/core/handler/ft.lua , size = 0.442 KB
[20:08:02.533][info] [#0:script/workspace/loading.lua:113]: ++++As library of:	file:///Users/himudigonda/.local/share/nvim/lazy/lazy.nvim/lua/lazy
[20:08:02.534][info] [#0:script/workspace/loading.lua:98]: Skip loaded file: file:///Users/himudigonda/.local/share/nvim/lazy/lazy.nvim/lua/lazy/core/handler/ft.lua
[20:08:02.534][info] [#0:script/workspace/loading.lua:101]: Preload file at: file:///Users/himudigonda/.local/share/nvim/lazy/lazy.nvim/lua/lazy/core/handler/cmd.lua , size = 1.638 KB
[20:08:02.535][info] [#0:script/workspace/loading.lua:113]: ++++As library of:	file:///Users/himudigonda/.local/share/nvim/lazy/lazy.nvim/lua/lazy
[20:08:02.535][info] [#0:script/workspace/loading.lua:98]: Skip loaded file: file:///Users/himudigonda/.local/share/nvim/lazy/lazy.nvim/lua/lazy/core/handler/cmd.lua
[20:08:02.535][info] [#0:script/workspace/loading.lua:101]: Preload file at: file:///Users/himudigonda/.local/share/nvim/lazy/lazy.nvim/lua/lazy/core/cache.lua , size = 16.600 KB
[20:08:02.542][info] [#0:script/workspace/loading.lua:113]: ++++As library of:	file:///Users/himudigonda/.local/share/nvim/lazy/lazy.nvim/lua/lazy
[20:08:02.542][info] [#0:script/workspace/loading.lua:98]: Skip loaded file: file:///Users/himudigonda/.local/share/nvim/lazy/lazy.nvim/lua/lazy/core/cache.lua
[20:08:02.542][info] [#0:script/workspace/loading.lua:101]: Preload file at: file:///Users/himudigonda/.local/share/nvim/lazy/lazy.nvim/lua/lazy/core/plugin.lua , size = 17.062 KB
[20:08:02.550][info] [#0:script/workspace/loading.lua:113]: ++++As library of:	file:///Users/himudigonda/.local/share/nvim/lazy/lazy.nvim/lua/lazy
[20:08:02.550][info] [#0:script/workspace/loading.lua:98]: Skip loaded file: file:///Users/himudigonda/.local/share/nvim/lazy/lazy.nvim/lua/lazy/core/plugin.lua
[20:08:02.550][info] [#0:script/workspace/loading.lua:101]: Preload file at: file:///Users/himudigonda/.local/share/nvim/lazy/lazy.nvim/lua/lazy/core/config.lua , size = 8.966 KB
[20:08:02.553][info] [#0:script/workspace/loading.lua:113]: ++++As library of:	file:///Users/himudigonda/.local/share/nvim/lazy/lazy.nvim/lua/lazy
[20:08:02.553][info] [#0:script/workspace/loading.lua:98]: Skip loaded file: file:///Users/himudigonda/.local/share/nvim/lazy/lazy.nvim/lua/lazy/core/config.lua
[20:08:02.553][info] [#0:script/workspace/loading.lua:101]: Preload file at: file:///Users/himudigonda/.local/share/nvim/lazy/lazy.nvim/lua/lazy/core/util.lua , size = 10.683 KB
[20:08:02.558][info] [#0:script/workspace/loading.lua:113]: ++++As library of:	file:///Users/himudigonda/.local/share/nvim/lazy/lazy.nvim/lua/lazy
[20:08:02.558][info] [#0:script/workspace/loading.lua:98]: Skip loaded file: file:///Users/himudigonda/.local/share/nvim/lazy/lazy.nvim/lua/lazy/core/util.lua
[20:08:02.558][info] [#0:script/workspace/loading.lua:101]: Preload file at: file:///Users/himudigonda/.local/share/nvim/lazy/lazy.nvim/lua/lazy/health.lua , size = 3.329 KB
[20:08:02.560][info] [#0:script/workspace/loading.lua:113]: ++++As library of:	file:///Users/himudigonda/.local/share/nvim/lazy/lazy.nvim/lua/lazy
[20:08:02.560][info] [#0:script/workspace/loading.lua:98]: Skip loaded file: file:///Users/himudigonda/.local/share/nvim/lazy/lazy.nvim/lua/lazy/health.lua
[20:08:02.560][info] [#0:script/workspace/loading.lua:101]: Preload file at: file:///Users/himudigonda/.local/share/nvim/lazy/lazy.nvim/lua/lazy/state.lua , size = 0.859 KB
[20:08:02.560][info] [#0:script/workspace/loading.lua:113]: ++++As library of:	file:///Users/himudigonda/.local/share/nvim/lazy/lazy.nvim/lua/lazy
[20:08:02.560][info] [#0:script/workspace/loading.lua:98]: Skip loaded file: file:///Users/himudigonda/.local/share/nvim/lazy/lazy.nvim/lua/lazy/state.lua
[20:08:02.560][info] [#0:script/workspace/loading.lua:101]: Preload file at: file:///Users/himudigonda/.local/share/nvim/lazy/lazy.nvim/lua/lazy/stats.lua , size = 2.068 KB
[20:08:02.561][info] [#0:script/workspace/loading.lua:113]: ++++As library of:	file:///Users/himudigonda/.local/share/nvim/lazy/lazy.nvim/lua/lazy
[20:08:02.561][info] [#0:script/workspace/loading.lua:98]: Skip loaded file: file:///Users/himudigonda/.local/share/nvim/lazy/lazy.nvim/lua/lazy/stats.lua
[20:08:02.561][info] [#0:script/workspace/loading.lua:101]: Preload file at: file:///Users/himudigonda/.local/share/nvim/lazy/lazy.nvim/lua/lazy/status.lua , size = 0.353 KB
[20:08:02.561][info] [#0:script/workspace/loading.lua:113]: ++++As library of:	file:///Users/himudigonda/.local/share/nvim/lazy/lazy.nvim/lua/lazy
[20:08:02.561][info] [#0:script/workspace/loading.lua:98]: Skip loaded file: file:///Users/himudigonda/.local/share/nvim/lazy/lazy.nvim/lua/lazy/status.lua
[20:08:02.561][info] [#0:script/workspace/loading.lua:101]: Preload file at: file:///Users/himudigonda/.local/share/nvim/lazy/lazy.nvim/lua/lazy/help.lua , size = 2.242 KB
[20:08:02.563][info] [#0:script/workspace/loading.lua:113]: ++++As library of:	file:///Users/himudigonda/.local/share/nvim/lazy/lazy.nvim/lua/lazy
[20:08:02.563][info] [#0:script/workspace/loading.lua:98]: Skip loaded file: file:///Users/himudigonda/.local/share/nvim/lazy/lazy.nvim/lua/lazy/help.lua
[20:08:02.563][info] [#0:script/workspace/loading.lua:101]: Preload file at: file:///Users/himudigonda/.local/share/nvim/lazy/lazy.nvim/lua/lazy/view/init.lua , size = 7.479 KB
[20:08:02.566][info] [#0:script/workspace/loading.lua:113]: ++++As library of:	file:///Users/himudigonda/.local/share/nvim/lazy/lazy.nvim/lua/lazy
[20:08:02.566][info] [#0:script/workspace/loading.lua:98]: Skip loaded file: file:///Users/himudigonda/.local/share/nvim/lazy/lazy.nvim/lua/lazy/view/init.lua
[20:08:02.566][info] [#0:script/workspace/loading.lua:101]: Preload file at: file:///Users/himudigonda/.local/share/nvim/lazy/lazy.nvim/lua/lazy/view/colors.lua , size = 1.526 KB
[20:08:02.567][info] [#0:script/workspace/loading.lua:113]: ++++As library of:	file:///Users/himudigonda/.local/share/nvim/lazy/lazy.nvim/lua/lazy
[20:08:02.567][info] [#0:script/workspace/loading.lua:98]: Skip loaded file: file:///Users/himudigonda/.local/share/nvim/lazy/lazy.nvim/lua/lazy/view/colors.lua
[20:08:02.567][info] [#0:script/workspace/loading.lua:101]: Preload file at: file:///Users/himudigonda/.local/share/nvim/lazy/lazy.nvim/lua/lazy/view/diff.lua , size = 1.585 KB
[20:08:02.567][info] [#0:script/workspace/loading.lua:113]: ++++As library of:	file:///Users/himudigonda/.local/share/nvim/lazy/lazy.nvim/lua/lazy
[20:08:02.567][info] [#0:script/workspace/loading.lua:98]: Skip loaded file: file:///Users/himudigonda/.local/share/nvim/lazy/lazy.nvim/lua/lazy/view/diff.lua
[20:08:02.567][info] [#0:script/workspace/loading.lua:101]: Preload file at: file:///Users/himudigonda/.local/share/nvim/lazy/lazy.nvim/lua/lazy/view/float.lua , size = 7.009 KB
[20:08:02.571][info] [#0:script/workspace/loading.lua:113]: ++++As library of:	file:///Users/himudigonda/.local/share/nvim/lazy/lazy.nvim/lua/lazy
[20:08:02.571][info] [#0:script/workspace/loading.lua:98]: Skip loaded file: file:///Users/himudigonda/.local/share/nvim/lazy/lazy.nvim/lua/lazy/view/float.lua
[20:08:02.571][info] [#0:script/workspace/loading.lua:101]: Preload file at: file:///Users/himudigonda/.local/share/nvim/lazy/lazy.nvim/lua/lazy/view/sections.lua , size = 2.362 KB
[20:08:02.572][info] [#0:script/workspace/loading.lua:113]: ++++As library of:	file:///Users/himudigonda/.local/share/nvim/lazy/lazy.nvim/lua/lazy
[20:08:02.572][info] [#0:script/workspace/loading.lua:98]: Skip loaded file: file:///Users/himudigonda/.local/share/nvim/lazy/lazy.nvim/lua/lazy/view/sections.lua
[20:08:02.572][info] [#0:script/workspace/loading.lua:101]: Preload file at: file:///Users/himudigonda/.local/share/nvim/lazy/lazy.nvim/lua/lazy/view/config.lua , size = 3.471 KB
[20:08:02.573][info] [#0:script/workspace/loading.lua:113]: ++++As library of:	file:///Users/himudigonda/.local/share/nvim/lazy/lazy.nvim/lua/lazy
[20:08:02.573][info] [#0:script/workspace/loading.lua:98]: Skip loaded file: file:///Users/himudigonda/.local/share/nvim/lazy/lazy.nvim/lua/lazy/view/config.lua
[20:08:02.573][info] [#0:script/workspace/loading.lua:101]: Preload file at: file:///Users/himudigonda/.local/share/nvim/lazy/lazy.nvim/lua/lazy/view/commands.lua , size = 3.386 KB
[20:08:02.575][info] [#0:script/workspace/loading.lua:113]: ++++As library of:	file:///Users/himudigonda/.local/share/nvim/lazy/lazy.nvim/lua/lazy
[20:08:02.575][info] [#0:script/workspace/loading.lua:98]: Skip loaded file: file:///Users/himudigonda/.local/share/nvim/lazy/lazy.nvim/lua/lazy/view/commands.lua
[20:08:02.575][info] [#0:script/workspace/loading.lua:101]: Preload file at: file:///Users/himudigonda/.local/share/nvim/lazy/lazy.nvim/lua/lazy/view/render.lua , size = 21.168 KB
[20:08:02.583][info] [#0:script/workspace/loading.lua:113]: ++++As library of:	file:///Users/himudigonda/.local/share/nvim/lazy/lazy.nvim/lua/lazy
[20:08:02.583][info] [#0:script/workspace/loading.lua:98]: Skip loaded file: file:///Users/himudigonda/.local/share/nvim/lazy/lazy.nvim/lua/lazy/view/render.lua
[20:08:02.583][info] [#0:script/workspace/loading.lua:101]: Preload file at: file:///Users/himudigonda/.local/share/nvim/lazy/lazy.nvim/lua/lazy/view/text.lua , size = 3.820 KB
[20:08:02.585][info] [#0:script/workspace/loading.lua:113]: ++++As library of:	file:///Users/himudigonda/.local/share/nvim/lazy/lazy.nvim/lua/lazy
[20:08:02.585][info] [#0:script/workspace/loading.lua:98]: Skip loaded file: file:///Users/himudigonda/.local/share/nvim/lazy/lazy.nvim/lua/lazy/view/text.lua
[20:08:02.585][info] [#0:script/workspace/loading.lua:101]: Preload file at: file:///Users/himudigonda/.local/share/nvim/lazy/lazy.nvim/lua/lazy/docs.lua , size = 4.453 KB
[20:08:02.587][info] [#0:script/workspace/loading.lua:113]: ++++As library of:	file:///Users/himudigonda/.local/share/nvim/lazy/lazy.nvim/lua/lazy
[20:08:02.587][info] [#0:script/workspace/loading.lua:98]: Skip loaded file: file:///Users/himudigonda/.local/share/nvim/lazy/lazy.nvim/lua/lazy/docs.lua
[20:08:02.587][info] [#0:script/workspace/loading.lua:101]: Preload file at: file:///Users/himudigonda/.local/share/nvim/lazy/lazy.nvim/lua/lazy/manage/init.lua , size = 5.484 KB
[20:08:02.589][info] [#0:script/workspace/loading.lua:113]: ++++As library of:	file:///Users/himudigonda/.local/share/nvim/lazy/lazy.nvim/lua/lazy
[20:08:02.589][info] [#0:script/workspace/loading.lua:98]: Skip loaded file: file:///Users/himudigonda/.local/share/nvim/lazy/lazy.nvim/lua/lazy/manage/init.lua
[20:08:02.589][info] [#0:script/workspace/loading.lua:101]: Preload file at: file:///Users/himudigonda/.local/share/nvim/lazy/lazy.nvim/lua/lazy/manage/git.lua , size = 6.043 KB
[20:08:02.592][info] [#0:script/workspace/loading.lua:113]: ++++As library of:	file:///Users/himudigonda/.local/share/nvim/lazy/lazy.nvim/lua/lazy
[20:08:02.592][info] [#0:script/workspace/loading.lua:98]: Skip loaded file: file:///Users/himudigonda/.local/share/nvim/lazy/lazy.nvim/lua/lazy/manage/git.lua
[20:08:02.592][info] [#0:script/workspace/loading.lua:101]: Preload file at: file:///Users/himudigonda/.local/share/nvim/lazy/lazy.nvim/lua/lazy/manage/reloader.lua , size = 2.487 KB
[20:08:02.593][info] [#0:script/workspace/loading.lua:113]: ++++As library of:	file:///Users/himudigonda/.local/share/nvim/lazy/lazy.nvim/lua/lazy
[20:08:02.593][info] [#0:script/workspace/loading.lua:98]: Skip loaded file: file:///Users/himudigonda/.local/share/nvim/lazy/lazy.nvim/lua/lazy/manage/reloader.lua
[20:08:02.593][info] [#0:script/workspace/loading.lua:101]: Preload file at: file:///Users/himudigonda/.local/share/nvim/lazy/lazy.nvim/lua/lazy/manage/lock.lua , size = 1.811 KB
[20:08:02.594][info] [#0:script/workspace/loading.lua:113]: ++++As library of:	file:///Users/himudigonda/.local/share/nvim/lazy/lazy.nvim/lua/lazy
[20:08:02.594][info] [#0:script/workspace/loading.lua:98]: Skip loaded file: file:///Users/himudigonda/.local/share/nvim/lazy/lazy.nvim/lua/lazy/manage/lock.lua
[20:08:02.594][info] [#0:script/workspace/loading.lua:101]: Preload file at: file:///Users/himudigonda/.local/share/nvim/lazy/lazy.nvim/lua/lazy/manage/checker.lua , size = 2.306 KB
[20:08:02.595][info] [#0:script/workspace/loading.lua:113]: ++++As library of:	file:///Users/himudigonda/.local/share/nvim/lazy/lazy.nvim/lua/lazy
[20:08:02.595][info] [#0:script/workspace/loading.lua:98]: Skip loaded file: file:///Users/himudigonda/.local/share/nvim/lazy/lazy.nvim/lua/lazy/manage/checker.lua
[20:08:02.595][info] [#0:script/workspace/loading.lua:101]: Preload file at: file:///Users/himudigonda/.local/share/nvim/lazy/lazy.nvim/lua/lazy/manage/task/init.lua , size = 3.822 KB
[20:08:02.597][info] [#0:script/workspace/loading.lua:113]: ++++As library of:	file:///Users/himudigonda/.local/share/nvim/lazy/lazy.nvim/lua/lazy
[20:08:02.597][info] [#0:script/workspace/loading.lua:98]: Skip loaded file: file:///Users/himudigonda/.local/share/nvim/lazy/lazy.nvim/lua/lazy/manage/task/init.lua
[20:08:02.597][info] [#0:script/workspace/loading.lua:101]: Preload file at: file:///Users/himudigonda/.local/share/nvim/lazy/lazy.nvim/lua/lazy/manage/task/git.lua , size = 7.983 KB
[20:08:02.599][info] [#0:script/workspace/loading.lua:113]: ++++As library of:	file:///Users/himudigonda/.local/share/nvim/lazy/lazy.nvim/lua/lazy
[20:08:02.599][info] [#0:script/workspace/loading.lua:98]: Skip loaded file: file:///Users/himudigonda/.local/share/nvim/lazy/lazy.nvim/lua/lazy/manage/task/git.lua
[20:08:02.599][info] [#0:script/workspace/loading.lua:101]: Preload file at: file:///Users/himudigonda/.local/share/nvim/lazy/lazy.nvim/lua/lazy/manage/task/plugin.lua , size = 2.385 KB
[20:08:02.600][info] [#0:script/workspace/loading.lua:113]: ++++As library of:	file:///Users/himudigonda/.local/share/nvim/lazy/lazy.nvim/lua/lazy
[20:08:02.600][info] [#0:script/workspace/loading.lua:98]: Skip loaded file: file:///Users/himudigonda/.local/share/nvim/lazy/lazy.nvim/lua/lazy/manage/task/plugin.lua
[20:08:02.600][info] [#0:script/workspace/loading.lua:101]: Preload file at: file:///Users/himudigonda/.local/share/nvim/lazy/lazy.nvim/lua/lazy/manage/task/fs.lua , size = 0.749 KB
[20:08:02.601][info] [#0:script/workspace/loading.lua:113]: ++++As library of:	file:///Users/himudigonda/.local/share/nvim/lazy/lazy.nvim/lua/lazy
[20:08:02.601][info] [#0:script/workspace/loading.lua:98]: Skip loaded file: file:///Users/himudigonda/.local/share/nvim/lazy/lazy.nvim/lua/lazy/manage/task/fs.lua
[20:08:02.601][info] [#0:script/workspace/loading.lua:101]: Preload file at: file:///Users/himudigonda/.local/share/nvim/lazy/lazy.nvim/lua/lazy/manage/semver.lua , size = 4.409 KB
[20:08:02.603][info] [#0:script/workspace/loading.lua:113]: ++++As library of:	file:///Users/himudigonda/.local/share/nvim/lazy/lazy.nvim/lua/lazy
[20:08:02.603][info] [#0:script/workspace/loading.lua:98]: Skip loaded file: file:///Users/himudigonda/.local/share/nvim/lazy/lazy.nvim/lua/lazy/manage/semver.lua
[20:08:02.603][info] [#0:script/workspace/loading.lua:101]: Preload file at: file:///Users/himudigonda/.local/share/nvim/lazy/lazy.nvim/lua/lazy/manage/runner.lua , size = 4.358 KB
[20:08:02.605][info] [#0:script/workspace/loading.lua:113]: ++++As library of:	file:///Users/himudigonda/.local/share/nvim/lazy/lazy.nvim/lua/lazy
[20:08:02.605][info] [#0:script/workspace/loading.lua:98]: Skip loaded file: file:///Users/himudigonda/.local/share/nvim/lazy/lazy.nvim/lua/lazy/manage/runner.lua
[20:08:02.605][info] [#0:script/workspace/loading.lua:101]: Preload file at: file:///Users/himudigonda/.local/share/nvim/lazy/lazy.nvim/lua/lazy/manage/process.lua , size = 3.989 KB
[20:08:02.606][info] [#0:script/workspace/loading.lua:113]: ++++As library of:	file:///Users/himudigonda/.local/share/nvim/lazy/lazy.nvim/lua/lazy
[20:08:02.606][info] [#0:script/workspace/loading.lua:98]: Skip loaded file: file:///Users/himudigonda/.local/share/nvim/lazy/lazy.nvim/lua/lazy/manage/process.lua
[20:08:02.606][info] [#0:script/workspace/loading.lua:101]: Preload file at: file:///Users/himudigonda/.local/share/nvim/lazy/lazy.nvim/lua/lazy/types.lua , size = 3.229 KB
[20:08:02.607][info] [#0:script/workspace/loading.lua:113]: ++++As library of:	file:///Users/himudigonda/.local/share/nvim/lazy/lazy.nvim/lua/lazy
[20:08:02.608][info] [#0:script/workspace/loading.lua:98]: Skip loaded file: file:///Users/himudigonda/.local/share/nvim/lazy/lazy.nvim/lua/lazy/types.lua
[20:08:02.608][info] [#0:script/workspace/loading.lua:101]: Preload file at: file:///Users/himudigonda/.local/share/nvim/lazy/lazy.nvim/lua/lazy/util.lua , size = 5.759 KB
[20:08:02.610][info] [#0:script/workspace/loading.lua:113]: ++++As library of:	file:///Users/himudigonda/.local/share/nvim/lazy/lazy.nvim/lua/lazy
[20:08:02.610][info] [#0:script/workspace/loading.lua:98]: Skip loaded file: file:///Users/himudigonda/.local/share/nvim/lazy/lazy.nvim/lua/lazy/util.lua
[20:08:02.610][info] [#0:script/workspace/loading.lua:101]: Preload file at: file:///Users/himudigonda/.local/share/nvim/lazy/lazy.nvim/lua/lazy/example.lua , size = 2.643 KB
[20:08:02.610][info] [#0:script/workspace/loading.lua:113]: ++++As library of:	file:///Users/himudigonda/.local/share/nvim/lazy/lazy.nvim/lua/lazy
[20:08:02.610][info] [#0:script/workspace/loading.lua:98]: Skip loaded file: file:///Users/himudigonda/.local/share/nvim/lazy/lazy.nvim/lua/lazy/example.lua
[20:08:02.610][info] [#0:script/workspace/loading.lua:101]: Preload file at: file:///Users/himudigonda/.local/share/nvim/mason/packages/lua-language-server/libexec/meta/Lua%205.4%20en-us%20utf8/io.lua , size = 6.364 KB
[20:08:02.625][info] [#0:script/workspace/loading.lua:113]: ++++As library of:	file:///Users/himudigonda/.local/share/nvim/mason/packages/lua-language-server/libexec/meta/Lua%205.4%20en-us%20utf8/io.lua
[20:08:02.625][info] [#0:script/workspace/loading.lua:98]: Skip loaded file: file:///Users/himudigonda/.local/share/nvim/mason/packages/lua-language-server/libexec/meta/Lua%205.4%20en-us%20utf8/io.lua
[20:08:02.625][info] [#0:script/workspace/loading.lua:101]: Preload file at: file:///Users/himudigonda/.local/share/nvim/mason/packages/lua-language-server/libexec/meta/Lua%205.4%20en-us%20utf8/utf8.lua , size = 2.386 KB
[20:08:02.626][info] [#0:script/workspace/loading.lua:113]: ++++As library of:	file:///Users/himudigonda/.local/share/nvim/mason/packages/lua-language-server/libexec/meta/Lua%205.4%20en-us%20utf8/utf8.lua
[20:08:02.626][info] [#0:script/workspace/loading.lua:98]: Skip loaded file: file:///Users/himudigonda/.local/share/nvim/mason/packages/lua-language-server/libexec/meta/Lua%205.4%20en-us%20utf8/utf8.lua
[20:08:02.626][info] [#0:script/workspace/loading.lua:101]: Preload file at: file:///Users/himudigonda/.local/share/nvim/lazy/ui/nvchad_types/keymaps.lua , size = 1.461 KB
[20:08:02.627][info] [#0:script/workspace/loading.lua:113]: ++++As library of:	file:///Users/himudigonda/.local/share/nvim/lazy/ui/nvchad_types
[20:08:02.627][info] [#0:script/workspace/loading.lua:98]: Skip loaded file: file:///Users/himudigonda/.local/share/nvim/lazy/ui/nvchad_types/keymaps.lua
[20:08:02.627][info] [#0:script/workspace/loading.lua:101]: Preload file at: file:///Users/himudigonda/.local/share/nvim/lazy/ui/nvchad_types/themes.lua , size = 4.774 KB
[20:08:02.628][info] [#0:script/workspace/loading.lua:113]: ++++As library of:	file:///Users/himudigonda/.local/share/nvim/lazy/ui/nvchad_types
[20:08:02.628][info] [#0:script/workspace/loading.lua:98]: Skip loaded file: file:///Users/himudigonda/.local/share/nvim/lazy/ui/nvchad_types/themes.lua
[20:08:02.628][info] [#0:script/workspace/loading.lua:101]: Preload file at: file:///Users/himudigonda/.local/share/nvim/lazy/ui/nvchad_types/base46.lua , size = 7.725 KB
[20:08:02.629][info] [#0:script/workspace/loading.lua:113]: ++++As library of:	file:///Users/himudigonda/.local/share/nvim/lazy/ui/nvchad_types
[20:08:02.629][info] [#0:script/workspace/loading.lua:98]: Skip loaded file: file:///Users/himudigonda/.local/share/nvim/lazy/ui/nvchad_types/base46.lua
[20:08:02.629][info] [#0:script/workspace/loading.lua:101]: Preload file at: file:///Users/himudigonda/.local/share/nvim/lazy/ui/nvchad_types/plugins.lua , size = 5.681 KB
[20:08:02.630][info] [#0:script/workspace/loading.lua:113]: ++++As library of:	file:///Users/himudigonda/.local/share/nvim/lazy/ui/nvchad_types
[20:08:02.630][info] [#0:script/workspace/loading.lua:98]: Skip loaded file: file:///Users/himudigonda/.local/share/nvim/lazy/ui/nvchad_types/plugins.lua
[20:08:02.630][info] [#0:script/workspace/loading.lua:101]: Preload file at: file:///Users/himudigonda/.local/share/nvim/lazy/ui/nvchad_types/all_hl_groups.lua , size = 40.871 KB
[20:08:02.637][info] [#0:script/workspace/loading.lua:113]: ++++As library of:	file:///Users/himudigonda/.local/share/nvim/lazy/ui/nvchad_types
[20:08:02.637][info] [#0:script/workspace/loading.lua:98]: Skip loaded file: file:///Users/himudigonda/.local/share/nvim/lazy/ui/nvchad_types/all_hl_groups.lua
[20:08:02.637][info] [#0:script/workspace/loading.lua:101]: Preload file at: file:///Users/himudigonda/.local/share/nvim/lazy/ui/nvchad_types/chadrc.lua , size = 8.765 KB
[20:08:02.639][info] [#0:script/workspace/loading.lua:113]: ++++As library of:	file:///Users/himudigonda/.local/share/nvim/lazy/ui/nvchad_types
[20:08:02.639][info] [#0:script/workspace/loading.lua:98]: Skip loaded file: file:///Users/himudigonda/.local/share/nvim/lazy/ui/nvchad_types/chadrc.lua
[20:08:02.639][info] [#0:script/workspace/loading.lua:101]: Preload file at: file:///Users/himudigonda/.local/share/nvim/mason/packages/lua-language-server/libexec/meta/Lua%205.4%20en-us%20utf8/os.lua , size = 5.600 KB
[20:08:02.641][info] [#0:script/workspace/loading.lua:113]: ++++As library of:	file:///Users/himudigonda/.local/share/nvim/mason/packages/lua-language-server/libexec/meta/Lua%205.4%20en-us%20utf8/os.lua
[20:08:02.641][info] [#0:script/workspace/loading.lua:98]: Skip loaded file: file:///Users/himudigonda/.local/share/nvim/mason/packages/lua-language-server/libexec/meta/Lua%205.4%20en-us%20utf8/os.lua
[20:08:02.641][info] [#0:script/workspace/loading.lua:101]: Preload file at: file:///Users/himudigonda/.local/share/nvim/mason/packages/lua-language-server/libexec/meta/Lua%205.4%20en-us%20utf8/math.lua , size = 8.509 KB
[20:08:02.643][info] [#0:script/workspace/loading.lua:113]: ++++As library of:	file:///Users/himudigonda/.local/share/nvim/mason/packages/lua-language-server/libexec/meta/Lua%205.4%20en-us%20utf8/math.lua
[20:08:02.644][info] [#0:script/workspace/loading.lua:98]: Skip loaded file: file:///Users/himudigonda/.local/share/nvim/mason/packages/lua-language-server/libexec/meta/Lua%205.4%20en-us%20utf8/math.lua
[20:08:02.644][info] [#0:script/workspace/loading.lua:101]: Preload file at: file:///Users/himudigonda/.local/share/nvim/mason/packages/lua-language-server/libexec/meta/Lua%205.4%20en-us%20utf8/string.lua , size = 6.341 KB
[20:08:02.645][info] [#0:script/workspace/loading.lua:113]: ++++As library of:	file:///Users/himudigonda/.local/share/nvim/mason/packages/lua-language-server/libexec/meta/Lua%205.4%20en-us%20utf8/string.lua
[20:08:02.645][info] [#0:script/workspace/loading.lua:98]: Skip loaded file: file:///Users/himudigonda/.local/share/nvim/mason/packages/lua-language-server/libexec/meta/Lua%205.4%20en-us%20utf8/string.lua
[20:08:02.645][info] [#0:script/workspace/loading.lua:101]: Preload file at: file:///Users/himudigonda/.config/nvim/init.lua , size = 0.500 KB
[20:08:02.646][info] [#0:script/workspace/loading.lua:101]: Preload file at: file:///Users/himudigonda/.config/nvim/lua/core/init.lua , size = 4.303 KB
[20:08:02.647][info] [#0:script/workspace/loading.lua:101]: Preload file at: file:///Users/himudigonda/.config/nvim/lua/core/mappings.lua , size = 10.292 KB
[20:08:02.649][info] [#0:script/workspace/loading.lua:101]: Preload file at: file:///Users/himudigonda/.config/nvim/lua/core/utils.lua , size = 3.455 KB
[20:08:02.650][info] [#0:script/workspace/loading.lua:101]: Preload file at: file:///Users/himudigonda/.config/nvim/lua/core/default_config.lua , size = 3.102 KB
[20:08:02.651][info] [#0:script/workspace/loading.lua:101]: Preload file at: file:///Users/himudigonda/.config/nvim/lua/core/bootstrap.lua , size = 1.838 KB
[20:08:02.651][info] [#0:script/workspace/loading.lua:101]: Preload file at: file:///Users/himudigonda/.config/nvim/lua/plugins/configs/lspconfig.lua , size = 1.608 KB
[20:08:02.652][info] [#0:script/workspace/loading.lua:101]: Preload file at: file:///Users/himudigonda/.config/nvim/lua/plugins/configs/lazy_nvim.lua , size = 0.822 KB
[20:08:02.652][info] [#0:script/workspace/loading.lua:101]: Preload file at: file:///Users/himudigonda/.config/nvim/lua/plugins/configs/telescope.lua , size = 1.626 KB
[20:08:02.652][info] [#0:script/workspace/loading.lua:101]: Preload file at: file:///Users/himudigonda/.config/nvim/lua/plugins/configs/others.lua , size = 1.620 KB
[20:08:02.653][info] [#0:script/workspace/loading.lua:101]: Preload file at: file:///Users/himudigonda/.config/nvim/lua/plugins/configs/nvimtree.lua , size = 1.479 KB
[20:08:02.653][info] [#0:script/workspace/loading.lua:101]: Preload file at: file:///Users/himudigonda/.config/nvim/lua/plugins/configs/cmp.lua , size = 3.064 KB
[20:08:02.654][info] [#0:script/workspace/loading.lua:101]: Preload file at: file:///Users/himudigonda/.config/nvim/lua/plugins/configs/treesitter.lua , size = 0.165 KB
[20:08:02.654][info] [#0:script/workspace/loading.lua:101]: Preload file at: file:///Users/himudigonda/.config/nvim/lua/plugins/configs/mason.lua , size = 0.581 KB
[20:08:02.760][info] [#0:script/workspace/loading.lua:173]: Loaded files takes [0.411] sec: <fallback>
[20:08:02.760][info] [#0:script/workspace/loading.lua:182]: Compile files takes [0.000] sec: <fallback>
[20:08:02.760][info] [#0:script/workspace/loading.lua:183]: Loaded finish:	<fallback>
[20:08:02.760][info] [#0:script/workspace/workspace.lua:381]: Preload finish at:	<fallback>
[20:08:02.776][info] [#0:script/workspace/loading.lua:173]: Loaded files takes [0.427] sec: file:///Users/himudigonda/.config/nvim
[20:08:02.776][info] [#0:script/workspace/loading.lua:182]: Compile files takes [0.000] sec: file:///Users/himudigonda/.config/nvim
[20:08:02.776][info] [#0:script/workspace/loading.lua:183]: Loaded finish:	file:///Users/himudigonda/.config/nvim
[20:08:02.776][info] [#0:script/workspace/workspace.lua:381]: Preload finish at:	file:///Users/himudigonda/.config/nvim
[20:08:02.793][info] [#0:script/provider/diagnostic.lua:557]: Diagnostics scope [file:///Users/himudigonda/.config/nvim], files count:[124]
[20:08:02.888][info] [#0:script/provider/diagnostic.lua:574]: Diagnostics scope [file:///Users/himudigonda/.config/nvim] finished, takes [0.092] sec.
[20:08:22.461][info] [#0:script/provider/provider.lua:169]: Server shutdown.
[20:08:22.563][info] [#0:script/provider/provider.lua:162]: Server exited.
